{"/home/travis/build/npmtest/node-npmtest-odata-server/test.js":{"path":"/home/travis/build/npmtest/node-npmtest-odata-server/test.js","s":{"1":2,"2":2,"3":2,"4":2,"5":2,"6":2,"7":2,"8":1,"9":2,"10":2,"11":1,"12":1,"13":1,"14":1,"15":2,"16":2,"17":2,"18":2,"19":1,"20":1,"21":2,"22":2,"23":2,"24":1,"25":1,"26":1,"27":1,"28":1,"29":1,"30":1,"31":1,"32":1,"33":1,"34":1,"35":1,"36":1,"37":1,"38":1,"39":2,"40":2,"41":1,"42":2,"43":2,"44":1,"45":2,"46":2,"47":1,"48":2,"49":2,"50":1,"51":1,"52":1,"53":1,"54":1},"b":{"1":[2,1,1,1],"2":[1,1,1,1],"3":[1,1],"4":[1,1],"5":[1,1],"6":[1,1],"7":[1,1],"8":[1,1],"9":[1,1],"10":[1,1,1],"11":[1,1],"12":[1,1],"13":[1,1],"14":[1,1],"15":[1,1],"16":[1,1],"17":[1,1]},"f":{"1":2,"2":2,"3":2,"4":2,"5":2,"6":1,"7":1,"8":1,"9":2,"10":2,"11":2,"12":2,"13":1},"fnMap":{"1":{"name":"(anonymous_1)","line":12,"loc":{"start":{"line":12,"column":1},"end":{"line":12,"column":13}}},"2":{"name":"(anonymous_2)","line":19,"loc":{"start":{"line":19,"column":5},"end":{"line":19,"column":17}}},"3":{"name":"(anonymous_3)","line":23,"loc":{"start":{"line":23,"column":24},"end":{"line":23,"column":36}}},"4":{"name":"(anonymous_4)","line":61,"loc":{"start":{"line":61,"column":5},"end":{"line":61,"column":17}}},"5":{"name":"(anonymous_5)","line":82,"loc":{"start":{"line":82,"column":5},"end":{"line":82,"column":17}}},"6":{"name":"(anonymous_6)","line":91,"loc":{"start":{"line":91,"column":77},"end":{"line":94,"column":10}}},"7":{"name":"(anonymous_7)","line":112,"loc":{"start":{"line":112,"column":83},"end":{"line":115,"column":10}},"skip":true},"8":{"name":"(anonymous_8)","line":123,"loc":{"start":{"line":123,"column":77},"end":{"line":126,"column":10}},"skip":true},"9":{"name":"(anonymous_9)","line":139,"loc":{"start":{"line":139,"column":12},"end":{"line":139,"column":40}},"skip":true},"10":{"name":"(anonymous_10)","line":147,"loc":{"start":{"line":147,"column":77},"end":{"line":150,"column":10}},"skip":true},"11":{"name":"(anonymous_11)","line":158,"loc":{"start":{"line":158,"column":83},"end":{"line":161,"column":10}},"skip":true},"12":{"name":"(anonymous_12)","line":169,"loc":{"start":{"line":169,"column":79},"end":{"line":172,"column":10}},"skip":true},"13":{"name":"(anonymous_13)","line":180,"loc":{"start":{"line":180,"column":75},"end":{"line":183,"column":10}},"skip":true}},"statementMap":{"1":{"start":{"line":12,"column":0},"end":{"line":195,"column":5}},"2":{"start":{"line":14,"column":4},"end":{"line":14,"column":14}},"3":{"start":{"line":19,"column":4},"end":{"line":56,"column":9}},"4":{"start":{"line":21,"column":8},"end":{"line":21,"column":19}},"5":{"start":{"line":23,"column":8},"end":{"line":35,"column":13}},"6":{"start":{"line":24,"column":12},"end":{"line":34,"column":13}},"7":{"start":{"line":25,"column":16},"end":{"line":28,"column":30}},"8":{"start":{"line":30,"column":16},"end":{"line":33,"column":27}},"9":{"start":{"line":37,"column":8},"end":{"line":39,"column":21}},"10":{"start":{"line":40,"column":8},"end":{"line":53,"column":9}},"11":{"start":{"line":43,"column":12},"end":{"line":46,"column":14}},"12":{"start":{"line":47,"column":12},"end":{"line":47,"column":18}},"13":{"start":{"line":50,"column":12},"end":{"line":51,"column":46}},"14":{"start":{"line":52,"column":12},"end":{"line":52,"column":18}},"15":{"start":{"line":55,"column":8},"end":{"line":55,"column":35}},"16":{"start":{"line":61,"column":4},"end":{"line":63,"column":9}},"17":{"start":{"line":62,"column":8},"end":{"line":62,"column":15}},"18":{"start":{"line":64,"column":4},"end":{"line":77,"column":5}},"19":{"start":{"line":70,"column":8},"end":{"line":70,"column":14}},"20":{"start":{"line":76,"column":8},"end":{"line":76,"column":14}},"21":{"start":{"line":82,"column":4},"end":{"line":84,"column":9}},"22":{"start":{"line":83,"column":8},"end":{"line":83,"column":15}},"23":{"start":{"line":85,"column":4},"end":{"line":194,"column":5}},"24":{"start":{"line":91,"column":8},"end":{"line":99,"column":10}},"25":{"start":{"line":98,"column":12},"end":{"line":98,"column":35}},"26":{"start":{"line":102,"column":8},"end":{"line":104,"column":63}},"27":{"start":{"line":105,"column":8},"end":{"line":105,"column":14}},"28":{"start":{"line":112,"column":8},"end":{"line":121,"column":10},"skip":true},"29":{"start":{"line":119,"column":12},"end":{"line":119,"column":55},"skip":true},"30":{"start":{"line":120,"column":12},"end":{"line":120,"column":48},"skip":true},"31":{"start":{"line":123,"column":8},"end":{"line":136,"column":10},"skip":true},"32":{"start":{"line":130,"column":12},"end":{"line":130,"column":76},"skip":true},"33":{"start":{"line":131,"column":12},"end":{"line":131,"column":73},"skip":true},"34":{"start":{"line":132,"column":12},"end":{"line":132,"column":74},"skip":true},"35":{"start":{"line":133,"column":12},"end":{"line":133,"column":79},"skip":true},"36":{"start":{"line":134,"column":12},"end":{"line":134,"column":25},"skip":true},"37":{"start":{"line":135,"column":12},"end":{"line":135,"column":45},"skip":true},"38":{"start":{"line":138,"column":8},"end":{"line":145,"column":14},"skip":true},"39":{"start":{"line":143,"column":16},"end":{"line":143,"column":29},"skip":true},"40":{"start":{"line":144,"column":16},"end":{"line":144,"column":55},"skip":true},"41":{"start":{"line":147,"column":8},"end":{"line":156,"column":10},"skip":true},"42":{"start":{"line":154,"column":12},"end":{"line":154,"column":25},"skip":true},"43":{"start":{"line":155,"column":12},"end":{"line":155,"column":45},"skip":true},"44":{"start":{"line":158,"column":8},"end":{"line":167,"column":10},"skip":true},"45":{"start":{"line":165,"column":12},"end":{"line":165,"column":25},"skip":true},"46":{"start":{"line":166,"column":12},"end":{"line":166,"column":48},"skip":true},"47":{"start":{"line":169,"column":8},"end":{"line":178,"column":10},"skip":true},"48":{"start":{"line":176,"column":12},"end":{"line":176,"column":25},"skip":true},"49":{"start":{"line":177,"column":12},"end":{"line":177,"column":46},"skip":true},"50":{"start":{"line":180,"column":8},"end":{"line":189,"column":10},"skip":true},"51":{"start":{"line":187,"column":12},"end":{"line":187,"column":94},"skip":true},"52":{"start":{"line":188,"column":12},"end":{"line":188,"column":48},"skip":true},"53":{"start":{"line":192,"column":8},"end":{"line":192,"column":35},"skip":true},"54":{"start":{"line":193,"column":8},"end":{"line":193,"column":14},"skip":true}},"branchMap":{"1":{"line":25,"type":"binary-expr","locations":[{"start":{"line":25,"column":23},"end":{"line":25,"column":62}},{"start":{"line":26,"column":20},"end":{"line":26,"column":70}},{"start":{"line":27,"column":20},"end":{"line":27,"column":71}},{"start":{"line":28,"column":20},"end":{"line":28,"column":29}}]},"2":{"line":30,"type":"binary-expr","locations":[{"start":{"line":30,"column":23},"end":{"line":30,"column":37}},{"start":{"line":31,"column":20},"end":{"line":31,"column":61}},{"start":{"line":32,"column":20},"end":{"line":32,"column":70}},{"start":{"line":33,"column":20},"end":{"line":33,"column":26}}]},"3":{"line":37,"type":"cond-expr","locations":[{"start":{"line":38,"column":14},"end":{"line":38,"column":20}},{"start":{"line":39,"column":14},"end":{"line":39,"column":20}}]},"4":{"line":40,"type":"switch","locations":[{"start":{"line":42,"column":8},"end":{"line":47,"column":18}},{"start":{"line":49,"column":8},"end":{"line":52,"column":18}}]},"5":{"line":44,"type":"binary-expr","locations":[{"start":{"line":44,"column":16},"end":{"line":44,"column":44}},{"start":{"line":44,"column":48},"end":{"line":44,"column":66}}]},"6":{"line":50,"type":"binary-expr","locations":[{"start":{"line":50,"column":21},"end":{"line":50,"column":49}},{"start":{"line":50,"column":53},"end":{"line":50,"column":72}}]},"7":{"line":64,"type":"switch","locations":[{"start":{"line":69,"column":4},"end":{"line":70,"column":14}},{"start":{"line":75,"column":4},"end":{"line":76,"column":14}}]},"8":{"line":85,"type":"switch","locations":[{"start":{"line":90,"column":4},"end":{"line":105,"column":14}},{"start":{"line":111,"column":4},"end":{"line":193,"column":14},"skip":true}]},"9":{"line":91,"type":"binary-expr","locations":[{"start":{"line":91,"column":42},"end":{"line":91,"column":73}},{"start":{"line":91,"column":77},"end":{"line":99,"column":9}}]},"10":{"line":102,"type":"binary-expr","locations":[{"start":{"line":102,"column":18},"end":{"line":102,"column":32}},{"start":{"line":103,"column":12},"end":{"line":103,"column":53}},{"start":{"line":104,"column":12},"end":{"line":104,"column":61}}]},"11":{"line":112,"type":"binary-expr","locations":[{"start":{"line":112,"column":45},"end":{"line":112,"column":79},"skip":true},{"start":{"line":112,"column":83},"end":{"line":121,"column":9},"skip":true}]},"12":{"line":123,"type":"binary-expr","locations":[{"start":{"line":123,"column":42},"end":{"line":123,"column":73},"skip":true},{"start":{"line":123,"column":77},"end":{"line":136,"column":9},"skip":true}]},"13":{"line":138,"type":"binary-expr","locations":[{"start":{"line":138,"column":48},"end":{"line":138,"column":85},"skip":true},{"start":{"line":139,"column":12},"end":{"line":145,"column":13},"skip":true}]},"14":{"line":147,"type":"binary-expr","locations":[{"start":{"line":147,"column":42},"end":{"line":147,"column":73},"skip":true},{"start":{"line":147,"column":77},"end":{"line":156,"column":9},"skip":true}]},"15":{"line":158,"type":"binary-expr","locations":[{"start":{"line":158,"column":45},"end":{"line":158,"column":79},"skip":true},{"start":{"line":158,"column":83},"end":{"line":167,"column":9},"skip":true}]},"16":{"line":169,"type":"binary-expr","locations":[{"start":{"line":169,"column":43},"end":{"line":169,"column":75},"skip":true},{"start":{"line":169,"column":79},"end":{"line":178,"column":9},"skip":true}]},"17":{"line":180,"type":"binary-expr","locations":[{"start":{"line":180,"column":41},"end":{"line":180,"column":71},"skip":true},{"start":{"line":180,"column":75},"end":{"line":189,"column":9},"skip":true}]}},"code":["/* istanbul instrument in package npmtest_odata_server */","/*jslint","    bitwise: true,","    browser: true,","    maxerr: 8,","    maxlen: 96,","    node: true,","    nomen: true,","    regexp: true,","    stupid: true","*/","(function () {","    'use strict';","    var local;","","","","    // run shared js-env code - pre-init","    (function () {","        // init local","        local = {};","        // init modeJs","        local.modeJs = (function () {","            try {","                return typeof navigator.userAgent === 'string' &&","                    typeof document.querySelector('body') === 'object' &&","                    typeof XMLHttpRequest.prototype.open === 'function' &&","                    'browser';","            } catch (errorCaughtBrowser) {","                return module.exports &&","                    typeof process.versions.node === 'string' &&","                    typeof require('http').createServer === 'function' &&","                    'node';","            }","        }());","        // init global","        local.global = local.modeJs === 'browser'","            ? window","            : global;","        switch (local.modeJs) {","        // re-init local from window.local","        case 'browser':","            local = local.global.utility2.objectSetDefault(","                local.global.utility2_rollup || local.global.local,","                local.global.utility2","            );","            break;","        // re-init local from example.js","        case 'node':","            local = (local.global.utility2_rollup || require('utility2'))","                .requireExampleJsFromReadme();","            break;","        }","        // export local","        local.global.local = local;","    }());","","","","    // run shared js-env code - function","    (function () {","        return;","    }());","    switch (local.modeJs) {","","","","    // run browser js-env code - function","    case 'browser':","        break;","","","","    // run node js-env code - function","    case 'node':","        break;","    }","","","","    // run shared js-env code - post-init","    (function () {","        return;","    }());","    switch (local.modeJs) {","","","","    // run browser js-env code - post-init","    case 'browser':","        local.testCase_browser_nullCase = local.testCase_browser_nullCase || function (","            options,","            onError","        ) {","        /*","         * this function will test browsers's null-case handling-behavior-behavior","         */","            onError(null, options);","        };","","        // run tests","        local.nop(local.modeTest &&","            document.querySelector('#testRunButton1') &&","            document.querySelector('#testRunButton1').click());","        break;","","","","    // run node js-env code - post-init","    /* istanbul ignore next */","    case 'node':","        local.testCase_buildApidoc_default = local.testCase_buildApidoc_default || function (","            options,","            onError","        ) {","        /*","         * this function will test buildApidoc's default handling-behavior-behavior","         */","            options = { modulePathList: module.paths };","            local.buildApidoc(options, onError);","        };","","        local.testCase_buildApp_default = local.testCase_buildApp_default || function (","            options,","            onError","        ) {","        /*","         * this function will test buildApp's default handling-behavior-behavior","         */","            local.testCase_buildReadme_default(options, local.onErrorThrow);","            local.testCase_buildLib_default(options, local.onErrorThrow);","            local.testCase_buildTest_default(options, local.onErrorThrow);","            local.testCase_buildCustomOrg_default(options, local.onErrorThrow);","            options = [];","            local.buildApp(options, onError);","        };","","        local.testCase_buildCustomOrg_default = local.testCase_buildCustomOrg_default ||","            function (options, onError) {","            /*","             * this function will test buildCustomOrg's default handling-behavior","             */","                options = {};","                local.buildCustomOrg(options, onError);","            };","","        local.testCase_buildLib_default = local.testCase_buildLib_default || function (","            options,","            onError","        ) {","        /*","         * this function will test buildLib's default handling-behavior","         */","            options = {};","            local.buildLib(options, onError);","        };","","        local.testCase_buildReadme_default = local.testCase_buildReadme_default || function (","            options,","            onError","        ) {","        /*","         * this function will test buildReadme's default handling-behavior-behavior","         */","            options = {};","            local.buildReadme(options, onError);","        };","","        local.testCase_buildTest_default = local.testCase_buildTest_default || function (","            options,","            onError","        ) {","        /*","         * this function will test buildTest's default handling-behavior","         */","            options = {};","            local.buildTest(options, onError);","        };","","        local.testCase_webpage_default = local.testCase_webpage_default || function (","            options,","            onError","        ) {","        /*","         * this function will test webpage's default handling-behavior","         */","            options = { modeCoverageMerge: true, url: local.serverLocalHost + '?modeTest=1' };","            local.browserTest(options, onError);","        };","","        // run test-server","        local.testRunServer(local);","        break;","    }","}());",""],"l":{"12":2,"14":2,"19":2,"21":2,"23":2,"24":2,"25":2,"30":1,"37":2,"40":2,"43":1,"47":1,"50":1,"52":1,"55":2,"61":2,"62":2,"64":2,"70":1,"76":1,"82":2,"83":2,"85":2,"91":1,"98":1,"102":1,"105":1,"112":1,"119":1,"120":1,"123":1,"130":1,"131":1,"132":1,"133":1,"134":1,"135":1,"138":1,"143":2,"144":2,"147":1,"154":2,"155":2,"158":1,"165":2,"166":2,"169":1,"176":2,"177":2,"180":1,"187":1,"188":1,"192":1,"193":1}},"/home/travis/build/npmtest/node-npmtest-odata-server/lib.npmtest_odata_server.js":{"path":"/home/travis/build/npmtest/node-npmtest-odata-server/lib.npmtest_odata_server.js","s":{"1":2,"2":2,"3":2,"4":2,"5":2,"6":2,"7":2,"8":1,"9":2,"10":2,"11":2,"12":2,"13":1,"14":1,"15":1,"16":1},"b":{"1":[2,1,1,1],"2":[1,1,1,1],"3":[1,1],"4":[2,2],"5":[1,1]},"f":{"1":2,"2":2,"3":2},"fnMap":{"1":{"name":"(anonymous_1)","line":12,"loc":{"start":{"line":12,"column":1},"end":{"line":12,"column":13}}},"2":{"name":"(anonymous_2)","line":19,"loc":{"start":{"line":19,"column":5},"end":{"line":19,"column":17}}},"3":{"name":"(anonymous_3)","line":23,"loc":{"start":{"line":23,"column":24},"end":{"line":23,"column":36}}}},"statementMap":{"1":{"start":{"line":12,"column":0},"end":{"line":53,"column":5}},"2":{"start":{"line":14,"column":4},"end":{"line":14,"column":14}},"3":{"start":{"line":19,"column":4},"end":{"line":52,"column":9}},"4":{"start":{"line":21,"column":8},"end":{"line":21,"column":19}},"5":{"start":{"line":23,"column":8},"end":{"line":35,"column":13}},"6":{"start":{"line":24,"column":12},"end":{"line":34,"column":13}},"7":{"start":{"line":25,"column":16},"end":{"line":28,"column":30}},"8":{"start":{"line":30,"column":16},"end":{"line":33,"column":27}},"9":{"start":{"line":37,"column":8},"end":{"line":39,"column":21}},"10":{"start":{"line":41,"column":8},"end":{"line":41,"column":54}},"11":{"start":{"line":43,"column":8},"end":{"line":43,"column":57}},"12":{"start":{"line":45,"column":8},"end":{"line":51,"column":9}},"13":{"start":{"line":46,"column":12},"end":{"line":46,"column":63}},"14":{"start":{"line":48,"column":12},"end":{"line":48,"column":35}},"15":{"start":{"line":49,"column":12},"end":{"line":49,"column":49}},"16":{"start":{"line":50,"column":12},"end":{"line":50,"column":43}}},"branchMap":{"1":{"line":25,"type":"binary-expr","locations":[{"start":{"line":25,"column":23},"end":{"line":25,"column":62}},{"start":{"line":26,"column":20},"end":{"line":26,"column":70}},{"start":{"line":27,"column":20},"end":{"line":27,"column":71}},{"start":{"line":28,"column":20},"end":{"line":28,"column":29}}]},"2":{"line":30,"type":"binary-expr","locations":[{"start":{"line":30,"column":23},"end":{"line":30,"column":37}},{"start":{"line":31,"column":20},"end":{"line":31,"column":61}},{"start":{"line":32,"column":20},"end":{"line":32,"column":70}},{"start":{"line":33,"column":20},"end":{"line":33,"column":26}}]},"3":{"line":37,"type":"cond-expr","locations":[{"start":{"line":38,"column":14},"end":{"line":38,"column":20}},{"start":{"line":39,"column":14},"end":{"line":39,"column":20}}]},"4":{"line":41,"type":"binary-expr","locations":[{"start":{"line":41,"column":16},"end":{"line":41,"column":44}},{"start":{"line":41,"column":48},"end":{"line":41,"column":53}}]},"5":{"line":45,"type":"if","locations":[{"start":{"line":45,"column":8},"end":{"line":45,"column":8}},{"start":{"line":45,"column":8},"end":{"line":45,"column":8}}]}},"code":["/* istanbul instrument in package npmtest_odata_server */","/*jslint","    bitwise: true,","    browser: true,","    maxerr: 8,","    maxlen: 96,","    node: true,","    nomen: true,","    regexp: true,","    stupid: true","*/","(function () {","    'use strict';","    var local;","","","","    // run shared js-env code - pre-init","    (function () {","        // init local","        local = {};","        // init modeJs","        local.modeJs = (function () {","            try {","                return typeof navigator.userAgent === 'string' &&","                    typeof document.querySelector('body') === 'object' &&","                    typeof XMLHttpRequest.prototype.open === 'function' &&","                    'browser';","            } catch (errorCaughtBrowser) {","                return module.exports &&","                    typeof process.versions.node === 'string' &&","                    typeof require('http').createServer === 'function' &&","                    'node';","            }","        }());","        // init global","        local.global = local.modeJs === 'browser'","            ? window","            : global;","        // init utility2_rollup","        local = local.global.utility2_rollup || local;","        // init lib","        local.local = local.npmtest_odata_server = local;","        // init exports","        if (local.modeJs === 'browser') {","            local.global.utility2_npmtest_odata_server = local;","        } else {","            module.exports = local;","            module.exports.__dirname = __dirname;","            module.exports.module = module;","        }","    }());","}());",""],"l":{"12":2,"14":2,"19":2,"21":2,"23":2,"24":2,"25":2,"30":1,"37":2,"41":2,"43":2,"45":2,"46":1,"48":1,"49":1,"50":1}},"/home/travis/build/npmtest/node-npmtest-odata-server/example.js":{"path":"/home/travis/build/npmtest/node-npmtest-odata-server/example.js","s":{"1":2,"2":2,"3":2,"4":2,"5":2,"6":2,"7":2,"8":1,"9":2,"10":2,"11":2,"12":2,"13":1,"14":2,"15":2,"16":2,"17":2,"18":2,"19":0,"20":2,"21":1,"22":1,"23":1,"24":1,"25":1,"26":0,"27":0,"28":1,"29":1,"30":2,"31":0,"32":0,"33":0,"34":1,"35":2,"36":2,"37":3,"38":3,"39":3,"40":3,"41":0,"42":3,"43":3,"44":3,"45":1,"46":3,"47":1,"48":1,"49":1,"50":1,"51":1,"52":1,"53":1,"54":1,"55":1,"56":1,"57":0,"58":1,"59":6,"60":6,"61":1,"62":2,"63":0,"64":2,"65":1,"66":1,"67":0,"68":0,"69":0,"70":0,"71":0,"72":0,"73":0,"74":0,"75":0,"76":0,"77":0,"78":0,"79":0,"80":0,"81":0,"82":0,"83":0},"b":{"1":[2,1,1,1],"2":[1,1,1,1],"3":[1,1],"4":[2,2],"5":[1,1],"6":[1,1],"7":[2,0],"8":[2,1,1,1,1,1],"9":[0,2,0],"10":[1,1],"11":[2,1,1],"12":[1,0],"13":[0,2],"14":[2,0,0,0,0,0,0],"15":[0,3],"16":[3,0],"17":[1,1],"18":[0,1],"19":[1,2,0,2],"20":[1,0],"21":[1,1],"22":[0,0],"23":[0,0],"24":[0,0],"25":[0,0],"26":[0,0],"27":[0,0],"28":[0,0]},"f":{"1":2,"2":2,"3":2,"4":2,"5":2,"6":2,"7":3,"8":3,"9":3,"10":1,"11":6,"12":0},"fnMap":{"1":{"name":"(anonymous_1)","line":26,"loc":{"start":{"line":26,"column":1},"end":{"line":26,"column":13}}},"2":{"name":"(anonymous_2)","line":33,"loc":{"start":{"line":33,"column":5},"end":{"line":33,"column":17}}},"3":{"name":"(anonymous_3)","line":37,"loc":{"start":{"line":37,"column":24},"end":{"line":37,"column":36}}},"4":{"name":"(anonymous_4)","line":69,"loc":{"start":{"line":69,"column":31},"end":{"line":69,"column":48}},"skip":true},"5":{"name":"(anonymous_5)","line":78,"loc":{"start":{"line":78,"column":26},"end":{"line":78,"column":45}},"skip":true},"6":{"name":"(anonymous_6)","line":123,"loc":{"start":{"line":123,"column":33},"end":{"line":123,"column":48}},"skip":true},"7":{"name":"(anonymous_7)","line":125,"loc":{"start":{"line":125,"column":27},"end":{"line":125,"column":39}},"skip":true},"8":{"name":"(anonymous_8)","line":133,"loc":{"start":{"line":133,"column":59},"end":{"line":133,"column":74}},"skip":true},"9":{"name":"(anonymous_9)","line":143,"loc":{"start":{"line":143,"column":45},"end":{"line":143,"column":62}},"skip":true},"10":{"name":"(anonymous_10)","line":144,"loc":{"start":{"line":144,"column":73},"end":{"line":144,"column":92}},"skip":true},"11":{"name":"(anonymous_11)","line":272,"loc":{"start":{"line":272,"column":51},"end":{"line":272,"column":77}},"skip":true},"12":{"name":"(anonymous_12)","line":315,"loc":{"start":{"line":315,"column":32},"end":{"line":315,"column":61}},"skip":true}},"statementMap":{"1":{"start":{"line":26,"column":0},"end":{"line":326,"column":5}},"2":{"start":{"line":28,"column":4},"end":{"line":28,"column":14}},"3":{"start":{"line":33,"column":4},"end":{"line":60,"column":9}},"4":{"start":{"line":35,"column":8},"end":{"line":35,"column":19}},"5":{"start":{"line":37,"column":8},"end":{"line":49,"column":13}},"6":{"start":{"line":38,"column":12},"end":{"line":48,"column":13}},"7":{"start":{"line":39,"column":16},"end":{"line":42,"column":30}},"8":{"start":{"line":44,"column":16},"end":{"line":47,"column":27}},"9":{"start":{"line":51,"column":8},"end":{"line":53,"column":21}},"10":{"start":{"line":55,"column":8},"end":{"line":57,"column":45}},"11":{"start":{"line":59,"column":8},"end":{"line":59,"column":35}},"12":{"start":{"line":61,"column":4},"end":{"line":325,"column":5}},"13":{"start":{"line":69,"column":8},"end":{"line":121,"column":10},"skip":true},"14":{"start":{"line":70,"column":12},"end":{"line":88,"column":13},"skip":true},"15":{"start":{"line":76,"column":16},"end":{"line":87,"column":19},"skip":true},"16":{"start":{"line":79,"column":20},"end":{"line":86,"column":21},"skip":true},"17":{"start":{"line":82,"column":24},"end":{"line":82,"column":43},"skip":true},"18":{"start":{"line":83,"column":24},"end":{"line":83,"column":30},"skip":true},"19":{"start":{"line":85,"column":24},"end":{"line":85,"column":49},"skip":true},"20":{"start":{"line":89,"column":12},"end":{"line":107,"column":13},"skip":true},"21":{"start":{"line":92,"column":16},"end":{"line":102,"column":17},"skip":true},"22":{"start":{"line":93,"column":20},"end":{"line":93,"column":86},"skip":true},"23":{"start":{"line":94,"column":20},"end":{"line":95,"column":45},"skip":true},"24":{"start":{"line":96,"column":20},"end":{"line":96,"column":42},"skip":true},"25":{"start":{"line":97,"column":20},"end":{"line":97,"column":48},"skip":true},"26":{"start":{"line":100,"column":20},"end":{"line":100,"column":85},"skip":true},"27":{"start":{"line":101,"column":20},"end":{"line":101,"column":96},"skip":true},"28":{"start":{"line":103,"column":16},"end":{"line":103,"column":22},"skip":true},"29":{"start":{"line":106,"column":16},"end":{"line":106,"column":22},"skip":true},"30":{"start":{"line":108,"column":12},"end":{"line":120,"column":13},"skip":true},"31":{"start":{"line":114,"column":16},"end":{"line":119,"column":17},"skip":true},"32":{"start":{"line":116,"column":20},"end":{"line":116,"column":78},"skip":true},"33":{"start":{"line":118,"column":20},"end":{"line":118,"column":47},"skip":true},"34":{"start":{"line":123,"column":8},"end":{"line":141,"column":11},"skip":true},"35":{"start":{"line":124,"column":12},"end":{"line":124,"column":54},"skip":true},"36":{"start":{"line":125,"column":12},"end":{"line":140,"column":14},"skip":true},"37":{"start":{"line":126,"column":16},"end":{"line":126,"column":28},"skip":true},"38":{"start":{"line":127,"column":16},"end":{"line":127,"column":69},"skip":true},"39":{"start":{"line":128,"column":16},"end":{"line":128,"column":75},"skip":true},"40":{"start":{"line":129,"column":16},"end":{"line":131,"column":17},"skip":true},"41":{"start":{"line":130,"column":20},"end":{"line":130,"column":27},"skip":true},"42":{"start":{"line":133,"column":16},"end":{"line":137,"column":36},"skip":true},"43":{"start":{"line":134,"column":20},"end":{"line":136,"column":55},"skip":true},"44":{"start":{"line":139,"column":16},"end":{"line":139,"column":57},"skip":true},"45":{"start":{"line":143,"column":8},"end":{"line":147,"column":11},"skip":true},"46":{"start":{"line":144,"column":12},"end":{"line":146,"column":15},"skip":true},"47":{"start":{"line":145,"column":16},"end":{"line":145,"column":70},"skip":true},"48":{"start":{"line":149,"column":8},"end":{"line":149,"column":31},"skip":true},"49":{"start":{"line":150,"column":8},"end":{"line":150,"column":14},"skip":true},"50":{"start":{"line":158,"column":8},"end":{"line":158,"column":31},"skip":true},"51":{"start":{"line":160,"column":8},"end":{"line":160,"column":33},"skip":true},"52":{"start":{"line":161,"column":8},"end":{"line":161,"column":37},"skip":true},"53":{"start":{"line":162,"column":8},"end":{"line":162,"column":35},"skip":true},"54":{"start":{"line":164,"column":8},"end":{"line":164,"column":50},"skip":true},"55":{"start":{"line":166,"column":8},"end":{"line":256,"column":2},"skip":true},"56":{"start":{"line":258,"column":8},"end":{"line":286,"column":9},"skip":true},"57":{"start":{"line":259,"column":12},"end":{"line":269,"column":14},"skip":true},"58":{"start":{"line":271,"column":12},"end":{"line":285,"column":19},"skip":true},"59":{"start":{"line":274,"column":20},"end":{"line":274,"column":35},"skip":true},"60":{"start":{"line":275,"column":20},"end":{"line":284,"column":21},"skip":true},"61":{"start":{"line":277,"column":24},"end":{"line":277,"column":64},"skip":true},"62":{"start":{"line":279,"column":24},"end":{"line":279,"column":40},"skip":true},"63":{"start":{"line":281,"column":24},"end":{"line":281,"column":40},"skip":true},"64":{"start":{"line":283,"column":24},"end":{"line":283,"column":39},"skip":true},"65":{"start":{"line":288,"column":8},"end":{"line":290,"column":9},"skip":true},"66":{"start":{"line":289,"column":12},"end":{"line":289,"column":18},"skip":true},"67":{"start":{"line":291,"column":8},"end":{"line":293,"column":54},"skip":true},"68":{"start":{"line":296,"column":8},"end":{"line":301,"column":37},"skip":true},"69":{"start":{"line":303,"column":8},"end":{"line":303,"column":82},"skip":true},"70":{"start":{"line":306,"column":8},"end":{"line":308,"column":9},"skip":true},"71":{"start":{"line":307,"column":12},"end":{"line":307,"column":82},"skip":true},"72":{"start":{"line":310,"column":8},"end":{"line":312,"column":9},"skip":true},"73":{"start":{"line":311,"column":12},"end":{"line":311,"column":18},"skip":true},"74":{"start":{"line":313,"column":8},"end":{"line":313,"column":54},"skip":true},"75":{"start":{"line":314,"column":8},"end":{"line":314,"column":69},"skip":true},"76":{"start":{"line":315,"column":8},"end":{"line":323,"column":36},"skip":true},"77":{"start":{"line":316,"column":12},"end":{"line":316,"column":61},"skip":true},"78":{"start":{"line":317,"column":12},"end":{"line":320,"column":13},"skip":true},"79":{"start":{"line":318,"column":16},"end":{"line":318,"column":75},"skip":true},"80":{"start":{"line":319,"column":16},"end":{"line":319,"column":23},"skip":true},"81":{"start":{"line":321,"column":12},"end":{"line":321,"column":38},"skip":true},"82":{"start":{"line":322,"column":12},"end":{"line":322,"column":27},"skip":true},"83":{"start":{"line":324,"column":8},"end":{"line":324,"column":14},"skip":true}},"branchMap":{"1":{"line":39,"type":"binary-expr","locations":[{"start":{"line":39,"column":23},"end":{"line":39,"column":62}},{"start":{"line":40,"column":20},"end":{"line":40,"column":70}},{"start":{"line":41,"column":20},"end":{"line":41,"column":71}},{"start":{"line":42,"column":20},"end":{"line":42,"column":29}}]},"2":{"line":44,"type":"binary-expr","locations":[{"start":{"line":44,"column":23},"end":{"line":44,"column":37}},{"start":{"line":45,"column":20},"end":{"line":45,"column":61}},{"start":{"line":46,"column":20},"end":{"line":46,"column":70}},{"start":{"line":47,"column":20},"end":{"line":47,"column":26}}]},"3":{"line":51,"type":"cond-expr","locations":[{"start":{"line":52,"column":14},"end":{"line":52,"column":20}},{"start":{"line":53,"column":14},"end":{"line":53,"column":20}}]},"4":{"line":55,"type":"binary-expr","locations":[{"start":{"line":55,"column":16},"end":{"line":55,"column":44}},{"start":{"line":55,"column":49},"end":{"line":57,"column":43}}]},"5":{"line":55,"type":"cond-expr","locations":[{"start":{"line":56,"column":14},"end":{"line":56,"column":56}},{"start":{"line":57,"column":14},"end":{"line":57,"column":43}}]},"6":{"line":61,"type":"switch","locations":[{"start":{"line":68,"column":4},"end":{"line":150,"column":14},"skip":true},{"start":{"line":156,"column":4},"end":{"line":324,"column":14},"skip":true}]},"7":{"line":70,"type":"if","locations":[{"start":{"line":70,"column":12},"end":{"line":70,"column":12},"skip":true},{"start":{"line":70,"column":12},"end":{"line":70,"column":12},"skip":true}]},"8":{"line":70,"type":"binary-expr","locations":[{"start":{"line":70,"column":16},"end":{"line":70,"column":22},"skip":true},{"start":{"line":70,"column":27},"end":{"line":70,"column":32},"skip":true},{"start":{"line":71,"column":20},"end":{"line":71,"column":39},"skip":true},{"start":{"line":72,"column":20},"end":{"line":72,"column":49},"skip":true},{"start":{"line":73,"column":20},"end":{"line":73,"column":58},"skip":true},{"start":{"line":74,"column":20},"end":{"line":74,"column":69},"skip":true}]},"9":{"line":79,"type":"switch","locations":[{"start":{"line":80,"column":20},"end":{"line":80,"column":33},"skip":true},{"start":{"line":81,"column":20},"end":{"line":83,"column":30},"skip":true},{"start":{"line":84,"column":20},"end":{"line":85,"column":49},"skip":true}]},"10":{"line":89,"type":"switch","locations":[{"start":{"line":90,"column":12},"end":{"line":103,"column":22},"skip":true},{"start":{"line":105,"column":12},"end":{"line":106,"column":22},"skip":true}]},"11":{"line":89,"type":"binary-expr","locations":[{"start":{"line":89,"column":20},"end":{"line":89,"column":25},"skip":true},{"start":{"line":89,"column":29},"end":{"line":89,"column":48},"skip":true},{"start":{"line":89,"column":52},"end":{"line":89,"column":74},"skip":true}]},"12":{"line":92,"type":"if","locations":[{"start":{"line":92,"column":16},"end":{"line":92,"column":16},"skip":true},{"start":{"line":92,"column":16},"end":{"line":92,"column":16},"skip":true}]},"13":{"line":108,"type":"if","locations":[{"start":{"line":108,"column":12},"end":{"line":108,"column":12},"skip":true},{"start":{"line":108,"column":12},"end":{"line":108,"column":12},"skip":true}]},"14":{"line":108,"type":"binary-expr","locations":[{"start":{"line":108,"column":16},"end":{"line":108,"column":61},"skip":true},{"start":{"line":108,"column":66},"end":{"line":108,"column":72},"skip":true},{"start":{"line":108,"column":77},"end":{"line":108,"column":82},"skip":true},{"start":{"line":109,"column":20},"end":{"line":109,"column":39},"skip":true},{"start":{"line":110,"column":20},"end":{"line":110,"column":49},"skip":true},{"start":{"line":111,"column":20},"end":{"line":111,"column":58},"skip":true},{"start":{"line":112,"column":20},"end":{"line":112,"column":68},"skip":true}]},"15":{"line":129,"type":"if","locations":[{"start":{"line":129,"column":16},"end":{"line":129,"column":16},"skip":true},{"start":{"line":129,"column":16},"end":{"line":129,"column":16},"skip":true}]},"16":{"line":134,"type":"cond-expr","locations":[{"start":{"line":135,"column":26},"end":{"line":135,"column":29},"skip":true},{"start":{"line":136,"column":26},"end":{"line":136,"column":54},"skip":true}]},"17":{"line":164,"type":"binary-expr","locations":[{"start":{"line":164,"column":27},"end":{"line":164,"column":43},"skip":true},{"start":{"line":164,"column":47},"end":{"line":164,"column":49},"skip":true}]},"18":{"line":258,"type":"if","locations":[{"start":{"line":258,"column":8},"end":{"line":258,"column":8},"skip":true},{"start":{"line":258,"column":8},"end":{"line":258,"column":8},"skip":true}]},"19":{"line":275,"type":"switch","locations":[{"start":{"line":276,"column":20},"end":{"line":277,"column":64},"skip":true},{"start":{"line":278,"column":20},"end":{"line":279,"column":40},"skip":true},{"start":{"line":280,"column":20},"end":{"line":281,"column":40},"skip":true},{"start":{"line":282,"column":20},"end":{"line":283,"column":39},"skip":true}]},"20":{"line":288,"type":"if","locations":[{"start":{"line":288,"column":8},"end":{"line":288,"column":8},"skip":true},{"start":{"line":288,"column":8},"end":{"line":288,"column":8},"skip":true}]},"21":{"line":288,"type":"binary-expr","locations":[{"start":{"line":288,"column":12},"end":{"line":288,"column":40},"skip":true},{"start":{"line":288,"column":44},"end":{"line":288,"column":67},"skip":true}]},"22":{"line":292,"type":"binary-expr","locations":[{"start":{"line":292,"column":12},"end":{"line":292,"column":50},"skip":true},{"start":{"line":293,"column":12},"end":{"line":293,"column":53},"skip":true}]},"23":{"line":297,"type":"binary-expr","locations":[{"start":{"line":297,"column":12},"end":{"line":297,"column":70},"skip":true},{"start":{"line":298,"column":12},"end":{"line":301,"column":36},"skip":true}]},"24":{"line":303,"type":"binary-expr","locations":[{"start":{"line":303,"column":43},"end":{"line":303,"column":75},"skip":true},{"start":{"line":303,"column":79},"end":{"line":303,"column":81},"skip":true}]},"25":{"line":306,"type":"if","locations":[{"start":{"line":306,"column":8},"end":{"line":306,"column":8},"skip":true},{"start":{"line":306,"column":8},"end":{"line":306,"column":8},"skip":true}]},"26":{"line":310,"type":"if","locations":[{"start":{"line":310,"column":8},"end":{"line":310,"column":8},"skip":true},{"start":{"line":310,"column":8},"end":{"line":310,"column":8},"skip":true}]},"27":{"line":313,"type":"binary-expr","locations":[{"start":{"line":313,"column":27},"end":{"line":313,"column":43},"skip":true},{"start":{"line":313,"column":47},"end":{"line":313,"column":53},"skip":true}]},"28":{"line":317,"type":"if","locations":[{"start":{"line":317,"column":12},"end":{"line":317,"column":12},"skip":true},{"start":{"line":317,"column":12},"end":{"line":317,"column":12},"skip":true}]}},"code":["/*","example.js","","quickstart example","","instruction","    1. save this script as example.js","    2. run the shell command:","        $ npm install npmtest-odata-server && PORT=8081 node example.js","    3. play with the browser-demo on http://127.0.0.1:8081","*/","","","","/* istanbul instrument in package npmtest_odata_server */","/*jslint","    bitwise: true,","    browser: true,","    maxerr: 8,","    maxlen: 96,","    node: true,","    nomen: true,","    regexp: true,","    stupid: true","*/","(function () {","    'use strict';","    var local;","","","","    // run shared js-env code - pre-init","    (function () {","        // init local","        local = {};","        // init modeJs","        local.modeJs = (function () {","            try {","                return typeof navigator.userAgent === 'string' &&","                    typeof document.querySelector('body') === 'object' &&","                    typeof XMLHttpRequest.prototype.open === 'function' &&","                    'browser';","            } catch (errorCaughtBrowser) {","                return module.exports &&","                    typeof process.versions.node === 'string' &&","                    typeof require('http').createServer === 'function' &&","                    'node';","            }","        }());","        // init global","        local.global = local.modeJs === 'browser'","            ? window","            : global;","        // init utility2_rollup","        local = local.global.utility2_rollup || (local.modeJs === 'browser'","            ? local.global.utility2_npmtest_odata_server","            : global.utility2_moduleExports);","        // export local","        local.global.local = local;","    }());","    switch (local.modeJs) {","","","","    // post-init","    // run browser js-env code - post-init","    /* istanbul ignore next */","    case 'browser':","        local.testRunBrowser = function (event) {","            if (!event || (event &&","                    event.currentTarget &&","                    event.currentTarget.className &&","                    event.currentTarget.className.includes &&","                    event.currentTarget.className.includes('onreset'))) {","                // reset output","                Array.from(","                    document.querySelectorAll('body > .resettable')","                ).forEach(function (element) {","                    switch (element.tagName) {","                    case 'INPUT':","                    case 'TEXTAREA':","                        element.value = '';","                        break;","                    default:","                        element.textContent = '';","                    }","                });","            }","            switch (event && event.currentTarget && event.currentTarget.id) {","            case 'testRunButton1':","                // show tests","                if (document.querySelector('#testReportDiv1').style.display === 'none') {","                    document.querySelector('#testReportDiv1').style.display = 'block';","                    document.querySelector('#testRunButton1').textContent =","                        'hide internal test';","                    local.modeTest = true;","                    local.testRunDefault(local);","                // hide tests","                } else {","                    document.querySelector('#testReportDiv1').style.display = 'none';","                    document.querySelector('#testRunButton1').textContent = 'run internal test';","                }","                break;","            // custom-case","            default:","                break;","            }","            if (document.querySelector('#inputTextareaEval1') && (!event || (event &&","                    event.currentTarget &&","                    event.currentTarget.className &&","                    event.currentTarget.className.includes &&","                    event.currentTarget.className.includes('oneval')))) {","                // try to eval input-code","                try {","                    /*jslint evil: true*/","                    eval(document.querySelector('#inputTextareaEval1').value);","                } catch (errorCaught) {","                    console.error(errorCaught);","                }","            }","        };","        // log stderr and stdout to #outputTextareaStdout1","        ['error', 'log'].forEach(function (key) {","            console[key + '_original'] = console[key];","            console[key] = function () {","                var element;","                console[key + '_original'].apply(console, arguments);","                element = document.querySelector('#outputTextareaStdout1');","                if (!element) {","                    return;","                }","                // append text to #outputTextareaStdout1","                element.value += Array.from(arguments).map(function (arg) {","                    return typeof arg === 'string'","                        ? arg","                        : JSON.stringify(arg, null, 4);","                }).join(' ') + '\\n';","                // scroll textarea to bottom","                element.scrollTop = element.scrollHeight;","            };","        });","        // init event-handling","        ['change', 'click', 'keyup'].forEach(function (event) {","            Array.from(document.querySelectorAll('.on' + event)).forEach(function (element) {","                element.addEventListener(event, local.testRunBrowser);","            });","        });","        // run tests","        local.testRunBrowser();","        break;","","","","    // run node js-env code - post-init","    /* istanbul ignore next */","    case 'node':","        // export local","        module.exports = local;","        // require modules","        local.fs = require('fs');","        local.http = require('http');","        local.url = require('url');","        // init assets","        local.assetsDict = local.assetsDict || {};","        /* jslint-ignore-begin */","        local.assetsDict['/assets.index.template.html'] = '\\","<!doctype html>\\n\\","<html lang=\"en\">\\n\\","<head>\\n\\","<meta charset=\"UTF-8\">\\n\\","<meta name=\"viewport\" content=\"width=device-width, initial-scale=1\">\\n\\","<title>{{env.npm_package_name}} (v{{env.npm_package_version}})</title>\\n\\","<style>\\n\\","/*csslint\\n\\","    box-sizing: false,\\n\\","    universal-selector: false\\n\\","*/\\n\\","* {\\n\\","    box-sizing: border-box;\\n\\","}\\n\\","body {\\n\\","    background: #dde;\\n\\","    font-family: Arial, Helvetica, sans-serif;\\n\\","    margin: 2rem;\\n\\","}\\n\\","body > * {\\n\\","    margin-bottom: 1rem;\\n\\","}\\n\\",".utility2FooterDiv {\\n\\","    margin-top: 20px;\\n\\","    text-align: center;\\n\\","}\\n\\","</style>\\n\\","<style>\\n\\","/*csslint\\n\\","*/\\n\\","textarea {\\n\\","    font-family: monospace;\\n\\","    height: 10rem;\\n\\","    width: 100%;\\n\\","}\\n\\","textarea[readonly] {\\n\\","    background: #ddd;\\n\\","}\\n\\","</style>\\n\\","</head>\\n\\","<body>\\n\\","<!-- utility2-comment\\n\\","<div id=\"ajaxProgressDiv1\" style=\"background: #d00; height: 2px; left: 0; margin: 0; padding: 0; position: fixed; top: 0; transition: background 0.5s, width 1.5s; width: 25%;\"></div>\\n\\","utility2-comment -->\\n\\","<h1>\\n\\","<!-- utility2-comment\\n\\","    <a\\n\\","        {{#if env.npm_package_homepage}}\\n\\","        href=\"{{env.npm_package_homepage}}\"\\n\\","        {{/if env.npm_package_homepage}}\\n\\","        target=\"_blank\"\\n\\","    >\\n\\","utility2-comment -->\\n\\","        {{env.npm_package_name}} (v{{env.npm_package_version}})\\n\\","<!-- utility2-comment\\n\\","    </a>\\n\\","utility2-comment -->\\n\\","</h1>\\n\\","<h3>{{env.npm_package_description}}</h3>\\n\\","<!-- utility2-comment\\n\\","<h4><a download href=\"assets.app.js\">download standalone app</a></h4>\\n\\","<button class=\"onclick onreset\" id=\"testRunButton1\">run internal test</button><br>\\n\\","<div id=\"testReportDiv1\" style=\"display: none;\"></div>\\n\\","utility2-comment -->\\n\\","\\n\\","\\n\\","\\n\\","<label>stderr and stdout</label>\\n\\","<textarea class=\"resettable\" id=\"outputTextareaStdout1\" readonly></textarea>\\n\\","<!-- utility2-comment\\n\\","{{#if isRollup}}\\n\\","<script src=\"assets.app.js\"></script>\\n\\","{{#unless isRollup}}\\n\\","utility2-comment -->\\n\\","<script src=\"assets.utility2.rollup.js\"></script>\\n\\","<script src=\"jsonp.utility2._stateInit?callback=window.utility2._stateInit\"></script>\\n\\","<script src=\"assets.npmtest_odata_server.rollup.js\"></script>\\n\\","<script src=\"assets.example.js\"></script>\\n\\","<script src=\"assets.test.js\"></script>\\n\\","<!-- utility2-comment\\n\\","{{/if isRollup}}\\n\\","utility2-comment -->\\n\\","<div class=\"utility2FooterDiv\">\\n\\","    [ this app was created with\\n\\","    <a href=\"https://github.com/kaizhu256/node-utility2\" target=\"_blank\">utility2</a>\\n\\","    ]\\n\\","</div>\\n\\","</body>\\n\\","</html>\\n\\","';","        /* jslint-ignore-end */","        if (local.templateRender) {","            local.assetsDict['/'] = local.templateRender(","                local.assetsDict['/assets.index.template.html'],","                {","                    env: local.objectSetDefault(local.env, {","                        npm_package_description: 'the greatest app in the world!',","                        npm_package_name: 'my-app',","                        npm_package_nameAlias: 'my_app',","                        npm_package_version: '0.0.1'","                    })","                }","            );","        } else {","            local.assetsDict['/'] = local.assetsDict['/assets.index.template.html']","                .replace((/\\{\\{env\\.(\\w+?)\\}\\}/g), function (match0, match1) {","                    // jslint-hack","                    String(match0);","                    switch (match1) {","                    case 'npm_package_description':","                        return 'the greatest app in the world!';","                    case 'npm_package_name':","                        return 'my-app';","                    case 'npm_package_nameAlias':","                        return 'my_app';","                    case 'npm_package_version':","                        return '0.0.1';","                    }","                });","        }","        // run the cli","        if (local.global.utility2_rollup || module !== require.main) {","            break;","        }","        local.assetsDict['/assets.example.js'] =","            local.assetsDict['/assets.example.js'] ||","            local.fs.readFileSync(__filename, 'utf8');","        // bug-workaround - long $npm_package_buildCustomOrg","        /* jslint-ignore-begin */","        local.assetsDict['/assets.npmtest_odata_server.rollup.js'] =","            local.assetsDict['/assets.npmtest_odata_server.rollup.js'] ||","            local.fs.readFileSync(","                local.npmtest_odata_server.__dirname + '/lib.npmtest_odata_server.js',","                'utf8'","            ).replace((/^#!/), '//');","        /* jslint-ignore-end */","        local.assetsDict['/favicon.ico'] = local.assetsDict['/favicon.ico'] || '';","        // if $npm_config_timeout_exit exists,","        // then exit this process after $npm_config_timeout_exit ms","        if (Number(process.env.npm_config_timeout_exit)) {","            setTimeout(process.exit, Number(process.env.npm_config_timeout_exit));","        }","        // start server","        if (local.global.utility2_serverHttp1) {","            break;","        }","        process.env.PORT = process.env.PORT || '8081';","        console.error('server starting on port ' + process.env.PORT);","        local.http.createServer(function (request, response) {","            request.urlParsed = local.url.parse(request.url);","            if (local.assetsDict[request.urlParsed.pathname] !== undefined) {","                response.end(local.assetsDict[request.urlParsed.pathname]);","                return;","            }","            response.statusCode = 404;","            response.end();","        }).listen(process.env.PORT);","        break;","    }","}());",""],"l":{"26":2,"28":2,"33":2,"35":2,"37":2,"38":2,"39":2,"44":1,"51":2,"55":2,"59":2,"61":2,"69":1,"70":2,"76":2,"79":2,"82":2,"83":2,"85":1,"89":2,"92":1,"93":1,"94":1,"96":1,"97":1,"100":1,"101":1,"103":1,"106":1,"108":2,"114":1,"116":1,"118":1,"123":1,"124":2,"125":2,"126":3,"127":3,"128":3,"129":3,"130":1,"133":3,"134":3,"139":3,"143":1,"144":3,"145":1,"149":1,"150":1,"158":1,"160":1,"161":1,"162":1,"164":1,"166":1,"258":1,"259":1,"271":1,"274":6,"275":6,"277":1,"279":2,"281":1,"283":2,"288":1,"289":1,"291":1,"296":1,"303":1,"306":1,"307":1,"310":1,"311":1,"313":1,"314":1,"315":1,"316":1,"317":1,"318":1,"319":1,"321":1,"322":1,"324":1}},"/home/travis/build/npmtest/node-npmtest-odata-server/node_modules/odata-server/index.js":{"path":"/home/travis/build/npmtest/node-npmtest-odata-server/node_modules/odata-server/index.js","s":{"1":1,"2":1,"3":1,"4":1,"5":1,"6":1,"7":1,"8":1,"9":1,"10":1,"11":1,"12":1,"13":1,"14":1,"15":1,"16":1,"17":1,"18":1,"19":1,"20":0,"21":0,"22":0,"23":0,"24":0,"25":0,"26":0,"27":0,"28":0,"29":1,"30":0,"31":0,"32":0,"33":0,"34":0,"35":0,"36":0,"37":0,"38":0,"39":0,"40":1,"41":1,"42":0,"43":0,"44":0,"45":0,"46":1,"47":1,"48":0,"49":0,"50":0,"51":1,"52":0,"53":1,"54":0,"55":0,"56":0,"57":0,"58":0,"59":0,"60":0,"61":0,"62":0,"63":0,"64":0,"65":0,"66":1,"67":1,"68":0,"69":0,"70":0,"71":0,"72":1,"73":0,"74":0,"75":0,"76":0,"77":0,"78":0,"79":0,"80":0,"81":0,"82":0,"83":0,"84":0,"85":0,"86":0,"87":0,"88":0,"89":0,"90":0,"91":0,"92":0,"93":0,"94":1,"95":1,"96":1,"97":1,"98":1,"99":1,"100":1},"b":{"1":[1,0],"2":[1,0],"3":[1,1,1],"4":[1,0],"5":[1,1],"6":[1,1,0,0],"7":[1,1,1],"8":[1,1],"9":[1,1],"10":[0,0],"11":[0,0],"12":[0,0],"13":[0,0],"14":[0,0],"15":[0,0,0],"16":[0,0],"17":[0,0],"18":[0,0],"19":[0,0],"20":[0,0],"21":[0,0],"22":[0,0],"23":[0,0],"24":[0,0],"25":[0,0],"26":[0,0,0],"27":[0,0],"28":[0,0],"29":[0,0,0,0,0],"30":[0,0],"31":[1,0],"32":[1,1,0],"33":[1,1,0],"34":[1,1]},"f":{"1":1,"2":0,"3":0,"4":0,"5":0,"6":0,"7":0,"8":0,"9":0,"10":0,"11":0,"12":0,"13":0,"14":0,"15":0,"16":0,"17":0,"18":0,"19":0,"20":0,"21":1},"fnMap":{"1":{"name":"(anonymous_1)","line":4,"loc":{"start":{"line":4,"column":20},"end":{"line":4,"column":38}}},"2":{"name":"(anonymous_2)","line":22,"loc":{"start":{"line":22,"column":22},"end":{"line":22,"column":46}}},"3":{"name":"(anonymous_3)","line":24,"loc":{"start":{"line":24,"column":41},"end":{"line":24,"column":51}}},"4":{"name":"(anonymous_4)","line":32,"loc":{"start":{"line":32,"column":17},"end":{"line":32,"column":41}}},"5":{"name":"(anonymous_5)","line":48,"loc":{"start":{"line":48,"column":18},"end":{"line":48,"column":42}}},"6":{"name":"(anonymous_6)","line":56,"loc":{"start":{"line":56,"column":17},"end":{"line":56,"column":41}}},"7":{"name":"(anonymous_7)","line":62,"loc":{"start":{"line":62,"column":23},"end":{"line":62,"column":47}}},"8":{"name":"(anonymous_8)","line":66,"loc":{"start":{"line":66,"column":18},"end":{"line":66,"column":52}}},"9":{"name":"(anonymous_9)","line":71,"loc":{"start":{"line":71,"column":25},"end":{"line":71,"column":38}}},"10":{"name":"(anonymous_10)","line":80,"loc":{"start":{"line":80,"column":17},"end":{"line":80,"column":27}}},"11":{"name":"(anonymous_11)","line":86,"loc":{"start":{"line":86,"column":25},"end":{"line":86,"column":54}}},"12":{"name":"(anonymous_12)","line":93,"loc":{"start":{"line":93,"column":11},"end":{"line":93,"column":35}}},"13":{"name":"(anonymous_13)","line":112,"loc":{"start":{"line":112,"column":30},"end":{"line":112,"column":40}}},"14":{"name":"(anonymous_14)","line":114,"loc":{"start":{"line":114,"column":29},"end":{"line":114,"column":39}}},"15":{"name":"(anonymous_15)","line":115,"loc":{"start":{"line":115,"column":34},"end":{"line":115,"column":44}}},"16":{"name":"(anonymous_16)","line":116,"loc":{"start":{"line":116,"column":37},"end":{"line":116,"column":47}}},"17":{"name":"(anonymous_17)","line":117,"loc":{"start":{"line":117,"column":47},"end":{"line":117,"column":57}}},"18":{"name":"(anonymous_18)","line":118,"loc":{"start":{"line":118,"column":52},"end":{"line":118,"column":62}}},"19":{"name":"(anonymous_19)","line":119,"loc":{"start":{"line":119,"column":76},"end":{"line":119,"column":86}}},"20":{"name":"(anonymous_20)","line":121,"loc":{"start":{"line":121,"column":56},"end":{"line":121,"column":69}}},"21":{"name":"(anonymous_21)","line":134,"loc":{"start":{"line":134,"column":26},"end":{"line":134,"column":58}}}},"statementMap":{"1":{"start":{"line":1,"column":0},"end":{"line":1,"column":19}},"2":{"start":{"line":2,"column":0},"end":{"line":2,"column":47}},"3":{"start":{"line":4,"column":0},"end":{"line":132,"column":2}},"4":{"start":{"line":5,"column":4},"end":{"line":5,"column":37}},"5":{"start":{"line":6,"column":4},"end":{"line":6,"column":50}},"6":{"start":{"line":7,"column":4},"end":{"line":7,"column":35}},"7":{"start":{"line":9,"column":4},"end":{"line":9,"column":54}},"8":{"start":{"line":10,"column":4},"end":{"line":10,"column":35}},"9":{"start":{"line":11,"column":4},"end":{"line":11,"column":57}},"10":{"start":{"line":12,"column":4},"end":{"line":12,"column":47}},"11":{"start":{"line":12,"column":26},"end":{"line":12,"column":47}},"12":{"start":{"line":13,"column":4},"end":{"line":13,"column":61}},"13":{"start":{"line":14,"column":4},"end":{"line":14,"column":102}},"14":{"start":{"line":15,"column":4},"end":{"line":15,"column":97}},"15":{"start":{"line":16,"column":4},"end":{"line":16,"column":63}},"16":{"start":{"line":17,"column":4},"end":{"line":17,"column":96}},"17":{"start":{"line":19,"column":4},"end":{"line":19,"column":98}},"18":{"start":{"line":20,"column":4},"end":{"line":20,"column":36}},"19":{"start":{"line":22,"column":4},"end":{"line":30,"column":6}},"20":{"start":{"line":23,"column":8},"end":{"line":23,"column":65}},"21":{"start":{"line":23,"column":51},"end":{"line":23,"column":65}},"22":{"start":{"line":24,"column":8},"end":{"line":24,"column":106}},"23":{"start":{"line":24,"column":53},"end":{"line":24,"column":96}},"24":{"start":{"line":25,"column":8},"end":{"line":29,"column":25}},"25":{"start":{"line":26,"column":12},"end":{"line":26,"column":60}},"26":{"start":{"line":27,"column":14},"end":{"line":29,"column":25}},"27":{"start":{"line":28,"column":12},"end":{"line":28,"column":96}},"28":{"start":{"line":29,"column":14},"end":{"line":29,"column":25}},"29":{"start":{"line":32,"column":4},"end":{"line":45,"column":6}},"30":{"start":{"line":33,"column":8},"end":{"line":44,"column":21}},"31":{"start":{"line":34,"column":12},"end":{"line":34,"column":62}},"32":{"start":{"line":35,"column":12},"end":{"line":35,"column":145}},"33":{"start":{"line":36,"column":12},"end":{"line":36,"column":107}},"34":{"start":{"line":37,"column":12},"end":{"line":43,"column":13}},"35":{"start":{"line":38,"column":16},"end":{"line":38,"column":68}},"36":{"start":{"line":39,"column":16},"end":{"line":39,"column":67}},"37":{"start":{"line":40,"column":16},"end":{"line":40,"column":26}},"38":{"start":{"line":42,"column":16},"end":{"line":42,"column":23}},"39":{"start":{"line":44,"column":14},"end":{"line":44,"column":21}},"40":{"start":{"line":47,"column":4},"end":{"line":47,"column":27}},"41":{"start":{"line":48,"column":4},"end":{"line":53,"column":6}},"42":{"start":{"line":49,"column":8},"end":{"line":52,"column":21}},"43":{"start":{"line":50,"column":12},"end":{"line":50,"column":55}},"44":{"start":{"line":51,"column":12},"end":{"line":51,"column":19}},"45":{"start":{"line":52,"column":14},"end":{"line":52,"column":21}},"46":{"start":{"line":55,"column":4},"end":{"line":55,"column":44}},"47":{"start":{"line":56,"column":4},"end":{"line":60,"column":6}},"48":{"start":{"line":57,"column":8},"end":{"line":59,"column":21}},"49":{"start":{"line":58,"column":12},"end":{"line":58,"column":41}},"50":{"start":{"line":59,"column":14},"end":{"line":59,"column":21}},"51":{"start":{"line":62,"column":4},"end":{"line":64,"column":6}},"52":{"start":{"line":63,"column":8},"end":{"line":63,"column":72}},"53":{"start":{"line":66,"column":4},"end":{"line":83,"column":6}},"54":{"start":{"line":67,"column":8},"end":{"line":67,"column":35}},"55":{"start":{"line":68,"column":8},"end":{"line":68,"column":22}},"56":{"start":{"line":69,"column":8},"end":{"line":69,"column":22}},"57":{"start":{"line":70,"column":8},"end":{"line":70,"column":23}},"58":{"start":{"line":71,"column":8},"end":{"line":79,"column":11}},"59":{"start":{"line":72,"column":12},"end":{"line":78,"column":13}},"60":{"start":{"line":73,"column":16},"end":{"line":73,"column":35}},"61":{"start":{"line":74,"column":16},"end":{"line":74,"column":26}},"62":{"start":{"line":76,"column":16},"end":{"line":76,"column":66}},"63":{"start":{"line":77,"column":16},"end":{"line":77,"column":31}},"64":{"start":{"line":80,"column":8},"end":{"line":82,"column":11}},"65":{"start":{"line":81,"column":12},"end":{"line":81,"column":23}},"66":{"start":{"line":85,"column":4},"end":{"line":85,"column":47}},"67":{"start":{"line":86,"column":4},"end":{"line":91,"column":6}},"68":{"start":{"line":87,"column":8},"end":{"line":90,"column":24}},"69":{"start":{"line":88,"column":12},"end":{"line":88,"column":126}},"70":{"start":{"line":89,"column":12},"end":{"line":89,"column":48}},"71":{"start":{"line":90,"column":14},"end":{"line":90,"column":24}},"72":{"start":{"line":93,"column":4},"end":{"line":131,"column":6}},"73":{"start":{"line":94,"column":8},"end":{"line":94,"column":24}},"74":{"start":{"line":96,"column":8},"end":{"line":102,"column":9}},"75":{"start":{"line":97,"column":12},"end":{"line":100,"column":15}},"76":{"start":{"line":101,"column":12},"end":{"line":101,"column":66}},"77":{"start":{"line":104,"column":8},"end":{"line":104,"column":28}},"78":{"start":{"line":105,"column":8},"end":{"line":110,"column":9}},"79":{"start":{"line":106,"column":12},"end":{"line":107,"column":30}},"80":{"start":{"line":107,"column":16},"end":{"line":107,"column":30}},"81":{"start":{"line":109,"column":12},"end":{"line":109,"column":141}},"82":{"start":{"line":112,"column":8},"end":{"line":130,"column":11}},"83":{"start":{"line":113,"column":12},"end":{"line":113,"column":130}},"84":{"start":{"line":114,"column":12},"end":{"line":129,"column":15}},"85":{"start":{"line":115,"column":16},"end":{"line":128,"column":19}},"86":{"start":{"line":116,"column":20},"end":{"line":127,"column":23}},"87":{"start":{"line":117,"column":24},"end":{"line":126,"column":27}},"88":{"start":{"line":118,"column":28},"end":{"line":125,"column":31}},"89":{"start":{"line":119,"column":32},"end":{"line":124,"column":35}},"90":{"start":{"line":120,"column":36},"end":{"line":120,"column":76}},"91":{"start":{"line":122,"column":36},"end":{"line":122,"column":86}},"92":{"start":{"line":122,"column":65},"end":{"line":122,"column":86}},"93":{"start":{"line":123,"column":36},"end":{"line":123,"column":72}},"94":{"start":{"line":134,"column":0},"end":{"line":141,"column":2}},"95":{"start":{"line":135,"column":4},"end":{"line":135,"column":54}},"96":{"start":{"line":136,"column":4},"end":{"line":136,"column":37}},"97":{"start":{"line":137,"column":4},"end":{"line":137,"column":24}},"98":{"start":{"line":139,"column":4},"end":{"line":139,"column":65}},"99":{"start":{"line":140,"column":4},"end":{"line":140,"column":63}},"100":{"start":{"line":143,"column":0},"end":{"line":143,"column":45}}},"branchMap":{"1":{"line":9,"type":"cond-expr","locations":[{"start":{"line":9,"column":44},"end":{"line":9,"column":48}},{"start":{"line":9,"column":51},"end":{"line":9,"column":53}}]},"2":{"line":10,"type":"binary-expr","locations":[{"start":{"line":10,"column":15},"end":{"line":10,"column":26}},{"start":{"line":10,"column":30},"end":{"line":10,"column":34}}]},"3":{"line":11,"type":"binary-expr","locations":[{"start":{"line":11,"column":22},"end":{"line":11,"column":37}},{"start":{"line":11,"column":41},"end":{"line":11,"column":43}},{"start":{"line":11,"column":47},"end":{"line":11,"column":56}}]},"4":{"line":12,"type":"if","locations":[{"start":{"line":12,"column":4},"end":{"line":12,"column":4}},{"start":{"line":12,"column":4},"end":{"line":12,"column":4}}]},"5":{"line":13,"type":"binary-expr","locations":[{"start":{"line":13,"column":27},"end":{"line":13,"column":47}},{"start":{"line":13,"column":51},"end":{"line":13,"column":60}}]},"6":{"line":14,"type":"binary-expr","locations":[{"start":{"line":14,"column":35},"end":{"line":14,"column":63}},{"start":{"line":14,"column":67},"end":{"line":14,"column":82}},{"start":{"line":14,"column":86},"end":{"line":14,"column":88}},{"start":{"line":14,"column":92},"end":{"line":14,"column":101}}]},"7":{"line":15,"type":"binary-expr","locations":[{"start":{"line":15,"column":36},"end":{"line":15,"column":65}},{"start":{"line":15,"column":69},"end":{"line":15,"column":89}},{"start":{"line":15,"column":93},"end":{"line":15,"column":96}}]},"8":{"line":16,"type":"binary-expr","locations":[{"start":{"line":16,"column":27},"end":{"line":16,"column":47}},{"start":{"line":16,"column":51},"end":{"line":16,"column":62}}]},"9":{"line":17,"type":"binary-expr","locations":[{"start":{"line":17,"column":38},"end":{"line":17,"column":69}},{"start":{"line":17,"column":73},"end":{"line":17,"column":95}}]},"10":{"line":23,"type":"if","locations":[{"start":{"line":23,"column":8},"end":{"line":23,"column":8}},{"start":{"line":23,"column":8},"end":{"line":23,"column":8}}]},"11":{"line":23,"type":"binary-expr","locations":[{"start":{"line":23,"column":12},"end":{"line":23,"column":29}},{"start":{"line":23,"column":33},"end":{"line":23,"column":49}}]},"12":{"line":24,"type":"cond-expr","locations":[{"start":{"line":24,"column":41},"end":{"line":24,"column":98}},{"start":{"line":24,"column":101},"end":{"line":24,"column":105}}]},"13":{"line":25,"type":"if","locations":[{"start":{"line":25,"column":8},"end":{"line":25,"column":8}},{"start":{"line":25,"column":8},"end":{"line":25,"column":8}}]},"14":{"line":27,"type":"if","locations":[{"start":{"line":27,"column":14},"end":{"line":27,"column":14}},{"start":{"line":27,"column":14},"end":{"line":27,"column":14}}]},"15":{"line":27,"type":"binary-expr","locations":[{"start":{"line":27,"column":18},"end":{"line":27,"column":53}},{"start":{"line":27,"column":57},"end":{"line":27,"column":82}},{"start":{"line":27,"column":86},"end":{"line":27,"column":111}}]},"16":{"line":33,"type":"if","locations":[{"start":{"line":33,"column":8},"end":{"line":33,"column":8}},{"start":{"line":33,"column":8},"end":{"line":33,"column":8}}]},"17":{"line":37,"type":"if","locations":[{"start":{"line":37,"column":12},"end":{"line":37,"column":12}},{"start":{"line":37,"column":12},"end":{"line":37,"column":12}}]},"18":{"line":49,"type":"if","locations":[{"start":{"line":49,"column":8},"end":{"line":49,"column":8}},{"start":{"line":49,"column":8},"end":{"line":49,"column":8}}]},"19":{"line":57,"type":"if","locations":[{"start":{"line":57,"column":8},"end":{"line":57,"column":8}},{"start":{"line":57,"column":8},"end":{"line":57,"column":8}}]},"20":{"line":87,"type":"if","locations":[{"start":{"line":87,"column":8},"end":{"line":87,"column":8}},{"start":{"line":87,"column":8},"end":{"line":87,"column":8}}]},"21":{"line":88,"type":"cond-expr","locations":[{"start":{"line":88,"column":75},"end":{"line":88,"column":94}},{"start":{"line":88,"column":97},"end":{"line":88,"column":125}}]},"22":{"line":96,"type":"if","locations":[{"start":{"line":96,"column":8},"end":{"line":96,"column":8}},{"start":{"line":96,"column":8},"end":{"line":96,"column":8}}]},"23":{"line":105,"type":"if","locations":[{"start":{"line":105,"column":8},"end":{"line":105,"column":8}},{"start":{"line":105,"column":8},"end":{"line":105,"column":8}}]},"24":{"line":105,"type":"binary-expr","locations":[{"start":{"line":105,"column":12},"end":{"line":105,"column":15}},{"start":{"line":105,"column":19},"end":{"line":105,"column":30}}]},"25":{"line":106,"type":"if","locations":[{"start":{"line":106,"column":12},"end":{"line":106,"column":12}},{"start":{"line":106,"column":12},"end":{"line":106,"column":12}}]},"26":{"line":106,"type":"binary-expr","locations":[{"start":{"line":106,"column":16},"end":{"line":106,"column":40}},{"start":{"line":106,"column":44},"end":{"line":106,"column":91}},{"start":{"line":106,"column":95},"end":{"line":106,"column":142}}]},"27":{"line":109,"type":"binary-expr","locations":[{"start":{"line":109,"column":29},"end":{"line":109,"column":42}},{"start":{"line":109,"column":47},"end":{"line":109,"column":80}}]},"28":{"line":109,"type":"binary-expr","locations":[{"start":{"line":109,"column":86},"end":{"line":109,"column":97}},{"start":{"line":109,"column":102},"end":{"line":109,"column":138}}]},"29":{"line":113,"type":"binary-expr","locations":[{"start":{"line":113,"column":49},"end":{"line":113,"column":57}},{"start":{"line":113,"column":61},"end":{"line":113,"column":75}},{"start":{"line":113,"column":79},"end":{"line":113,"column":90}},{"start":{"line":113,"column":94},"end":{"line":113,"column":114}},{"start":{"line":113,"column":118},"end":{"line":113,"column":129}}]},"30":{"line":122,"type":"if","locations":[{"start":{"line":122,"column":36},"end":{"line":122,"column":36}},{"start":{"line":122,"column":36},"end":{"line":122,"column":36}}]},"31":{"line":135,"type":"cond-expr","locations":[{"start":{"line":135,"column":44},"end":{"line":135,"column":48}},{"start":{"line":135,"column":51},"end":{"line":135,"column":53}}]},"32":{"line":139,"type":"binary-expr","locations":[{"start":{"line":139,"column":12},"end":{"line":139,"column":23}},{"start":{"line":139,"column":27},"end":{"line":139,"column":31}},{"start":{"line":139,"column":35},"end":{"line":139,"column":38}}]},"33":{"line":140,"type":"binary-expr","locations":[{"start":{"line":140,"column":15},"end":{"line":140,"column":26}},{"start":{"line":140,"column":30},"end":{"line":140,"column":34}},{"start":{"line":140,"column":38},"end":{"line":140,"column":40}}]},"34":{"line":140,"type":"binary-expr","locations":[{"start":{"line":140,"column":42},"end":{"line":140,"column":53}},{"start":{"line":140,"column":57},"end":{"line":140,"column":61}}]}},"code":["require('jaydata');","window.DOMParser = require('xmldom').DOMParser;","","$data.ODataServer = function(type, db){","    var connect = require('connect');","    var basicAuth = require('basic-auth-connect');","    var domain = require('domain');","    ","    var config = typeof type === 'object' ? type : {};","    var type = config.type || type;","    config.database = config.database || db || type.name;","    if (!config.provider) config.provider = {};","    config.provider.name = config.provider.name || 'mongoDB';","    config.provider.databaseName = config.provider.databaseName || config.database || db || type.name;","    config.provider.responseLimit = config.provider.responseLimit || config.responseLimit || 100;","    config.provider.user = config.provider.user || config.user;","    config.provider.checkPermission = config.provider.checkPermission || config.checkPermission;","    ","    var serviceType = $data.Class.defineEx(type.fullName + '.Service', [type, $data.ServiceBase]);","    serviceType.annotateFromVSDoc();","    ","    var basicAuthFn = function(req, res, next){","        if (!config.basicAuth && !config.rootAuth) return next();","        var callback = config.rootAuth ? function(){ basicAuth(config.rootAuth)(req, res, next); } : next;","        if (typeof config.basicAuth == 'function'){","            basicAuth(config.basicAuth)(req, res, callback);","        }else if (typeof config.basicAuth == 'object' && config.basicAuth.username && config.basicAuth.password){","            basicAuth(config.basicAuth.username, config.basicAuth.password)(req, res, callback);","        }else callback();","    };","    ","    var corsFn = function(req, res, next){","        if (config.CORS !== false){","            res.setHeader('Access-Control-Allow-Origin', '*');","            res.setHeader('Access-Control-Allow-Headers', 'X-PINGOTHER, Content-Type, MaxDataServiceVersion, DataServiceVersion, Authorization');","            res.setHeader('Access-Control-Allow-Methods', 'POST, GET, OPTIONS, PUT, MERGE, PATCH, DELETE');","            if (req.method === 'OPTIONS'){","                res.setHeader('Access-Control-Max-Age', '31536000');","                res.setHeader('Cache-Control', 'max-age=31536000');","                res.end();","            }else{","                next();","            }","        }else next();","    };","","    var qs = require('qs');","    var queryFn = function(req, res, next){","        if (!req.query){","            req.query = qs.parse(req._parsedUrl.query);","            next();","        }else next();","    };","","    var bodyParser = require('body-parser');","    var bodyFn = function(req, res, next){","        if (!req.body){","            bodyParser()(req, res, next);","        }else next();","    };","    ","    var simpleBodyFn = function(req, res, next){","        $data.JayService.OData.Utils.simpleBodyReader()(req, res, next);","    };","    ","    var errorFn = function(req, res, next, callback){","        var reqd = domain.create();","        reqd.add(req);","        reqd.add(res);","        reqd.add(next);","        reqd.on('error', function(err){","            try{","                console.error(err);","                next(err);","            }catch (derr){","                console.error('Error sending 500', derr, req.url);","                reqd.dispose();","            }","        });","        reqd.run(function(){","            callback();","        });","    };","","    var errorHandler = require('errorhandler');","    var errorHandlerFn = function(err, req, res, next){","        if (config.errorHandler){","            errorHandler.title = typeof config.errorHandler == 'string' ?  config.errorHandler : config.provider.databaseName;","            errorHandler()(err, req, res, next);","        }else next(err);","    };","","    return function(req, res, next){","        var self = this;","        ","        if (config.provider.checkPermission){","            Object.defineProperty(req, 'checkPermission', {","                value: config.provider.checkPermission.bind(req),","                enumerable: true","            });","            config.provider.checkPermission = req.checkPermission;","        }","","        var schema = 'http';","        if (req && req.headers) {","            if (req.connection.encrypted || req.headers['X-Forwarded-Protocol'] === 'https' || req.headers['x-forwarded-protocol'] === 'https')","                schema += 's';","","            req.fullRoute = (req.baseRoute || (schema + '://' + req.headers.host)) + (req.baseUrl || (req.originalUrl.replace(req.url, '')));","        }","        ","        basicAuthFn(req, res, function(){","            config.provider.user = config.user = req.user || req.remoteUser || config.user || config.provider.user || 'anonymous';","            corsFn(req, res, function(){","                queryFn(req, res, function(){","                    bodyFn(req, res, function(){","                        simpleBodyFn(req, res, function(){","                            errorFn(req, res, next, function(){","                                $data.JayService.createAdapter(serviceType, function(){","                                    return new serviceType(config.provider);","                                }).call(self, req, res, function(err){","                                    if (typeof err === 'string') err = new Error(err);","                                    errorHandlerFn(err, req, res, next);","                                });","                            });","                        });","                    });","                });","            });","        });","    };","};","","$data.createODataServer = function(type, path, port, host){","    var config = typeof type === 'object' ? type : {};","    var connect = require('connect');","    var app = connect();","","    app.use(config.path || path || '/', $data.ODataServer(type));","    app.listen(config.port || port || 80, config.host || host);","};","","module.exports = exports = $data.ODataServer;",""],"l":{"1":1,"2":1,"4":1,"5":1,"6":1,"7":1,"9":1,"10":1,"11":1,"12":1,"13":1,"14":1,"15":1,"16":1,"17":1,"19":1,"20":1,"22":1,"23":0,"24":0,"25":0,"26":0,"27":0,"28":0,"29":0,"32":1,"33":0,"34":0,"35":0,"36":0,"37":0,"38":0,"39":0,"40":0,"42":0,"44":0,"47":1,"48":1,"49":0,"50":0,"51":0,"52":0,"55":1,"56":1,"57":0,"58":0,"59":0,"62":1,"63":0,"66":1,"67":0,"68":0,"69":0,"70":0,"71":0,"72":0,"73":0,"74":0,"76":0,"77":0,"80":0,"81":0,"85":1,"86":1,"87":0,"88":0,"89":0,"90":0,"93":1,"94":0,"96":0,"97":0,"101":0,"104":0,"105":0,"106":0,"107":0,"109":0,"112":0,"113":0,"114":0,"115":0,"116":0,"117":0,"118":0,"119":0,"120":0,"122":0,"123":0,"134":1,"135":1,"136":1,"137":1,"139":1,"140":1,"143":1}},"/home/travis/build/npmtest/node-npmtest-odata-server/node_modules/odata-server/newsreader.js":{"path":"/home/travis/build/npmtest/node-npmtest-odata-server/node_modules/odata-server/newsreader.js","s":{"1":1,"2":1,"3":1,"4":1,"5":0,"6":0,"7":0,"8":0,"9":0,"10":0,"11":0,"12":0,"13":0,"14":0,"15":0,"16":0,"17":0,"18":0,"19":0,"20":0},"b":{"1":[0,0],"2":[0,0],"3":[0,0]},"f":{"1":0,"2":0,"3":0,"4":0},"fnMap":{"1":{"name":"(anonymous_1)","line":5,"loc":{"start":{"line":5,"column":16},"end":{"line":5,"column":28}}},"2":{"name":"(anonymous_2)","line":6,"loc":{"start":{"line":6,"column":37},"end":{"line":6,"column":52}}},"3":{"name":"(anonymous_3)","line":23,"loc":{"start":{"line":23,"column":23},"end":{"line":23,"column":51}}},"4":{"name":"(anonymous_4)","line":28,"loc":{"start":{"line":28,"column":29},"end":{"line":28,"column":73}}}},"statementMap":{"1":{"start":{"line":1,"column":0},"end":{"line":1,"column":24}},"2":{"start":{"line":3,"column":0},"end":{"line":3,"column":53}},"3":{"start":{"line":4,"column":0},"end":{"line":4,"column":164}},"4":{"start":{"line":5,"column":0},"end":{"line":43,"column":3}},"5":{"start":{"line":6,"column":4},"end":{"line":42,"column":7}},"6":{"start":{"line":7,"column":8},"end":{"line":7,"column":79}},"7":{"start":{"line":8,"column":8},"end":{"line":8,"column":57}},"8":{"start":{"line":15,"column":8},"end":{"line":15,"column":41}},"9":{"start":{"line":16,"column":8},"end":{"line":16,"column":28}},"10":{"start":{"line":18,"column":8},"end":{"line":37,"column":12}},"11":{"start":{"line":24,"column":16},"end":{"line":26,"column":34}},"12":{"start":{"line":25,"column":20},"end":{"line":25,"column":47}},"13":{"start":{"line":26,"column":22},"end":{"line":26,"column":34}},"14":{"start":{"line":29,"column":16},"end":{"line":32,"column":41}},"15":{"start":{"line":30,"column":20},"end":{"line":31,"column":55}},"16":{"start":{"line":30,"column":41},"end":{"line":30,"column":60}},"17":{"start":{"line":31,"column":25},"end":{"line":31,"column":55}},"18":{"start":{"line":32,"column":22},"end":{"line":32,"column":41}},"19":{"start":{"line":39,"column":8},"end":{"line":39,"column":26}},"20":{"start":{"line":41,"column":8},"end":{"line":41,"column":98}}},"branchMap":{"1":{"line":24,"type":"if","locations":[{"start":{"line":24,"column":16},"end":{"line":24,"column":16}},{"start":{"line":24,"column":16},"end":{"line":24,"column":16}}]},"2":{"line":29,"type":"if","locations":[{"start":{"line":29,"column":16},"end":{"line":29,"column":16}},{"start":{"line":29,"column":16},"end":{"line":29,"column":16}}]},"3":{"line":30,"type":"if","locations":[{"start":{"line":30,"column":20},"end":{"line":30,"column":20}},{"start":{"line":30,"column":20},"end":{"line":30,"column":20}}]}},"code":["require('odata-server');","","var contextType = require('./newsreader/context.js');","var context = new $news.Types.NewsContext({ name: 'mongoDB', databaseName: 'newsreader', dbCreation: $data.storageProviders.DbCreationType.DropAllExistingTables });","context.onReady(function(db){","    contextType.generateTestData(db, function(count){","        console.log('Test data upload successful. ', count, 'items inserted.');","        console.log('Starting NewsReader OData server.');","","        /*$data.createODataServer({","            type: contextType,","            database: 'newsreader',","        }, '/newsreader.svc', 52999, 'localhost');*/","        ","        var connect = require('connect');","        var app = connect();","        ","        app.use('/newsreader.svc', $data.ODataServer({","            type: contextType,","            CORS: true,","            database: 'newsreader',","            responseLimit: 100,","            basicAuth: function(username, password){","                if (username == 'admin'){","                    return password == 'admin';","                }else return true;","            },","            checkPermission: function(access, user, entitySets, callback){","                if (access & $data.Access.Create){","                    if (user == 'admin') callback.success();","                    else callback.error('Auth failed');","                }else callback.success();","            },","            provider: {","                howto: 'You can pass a customized JayData provider configuration in here.'","            }","        }));","","        app.listen(52999);","        ","        console.log('NewsReader OData server listening on http://localhost:52999/newsreader.svc');","    });","});",""],"l":{"1":1,"3":1,"4":1,"5":1,"6":0,"7":0,"8":0,"15":0,"16":0,"18":0,"24":0,"25":0,"26":0,"29":0,"30":0,"31":0,"32":0,"39":0,"41":0}},"/home/travis/build/npmtest/node-npmtest-odata-server/node_modules/odata-server/newsreader/context.js":{"path":"/home/travis/build/npmtest/node-npmtest-odata-server/node_modules/odata-server/newsreader/context.js","s":{"1":1,"2":1,"3":1,"4":1,"5":1,"6":1,"7":1,"8":1,"9":1,"10":0,"11":0,"12":0,"13":0,"14":0,"15":0,"16":0,"17":0,"18":0,"19":0,"20":0,"21":0,"22":0,"23":0,"24":0,"25":0,"26":0,"27":0,"28":0,"29":0,"30":0,"31":0,"32":0,"33":0,"34":0,"35":0,"36":0,"37":0,"38":0,"39":0,"40":0,"41":0,"42":0,"43":0,"44":0,"45":0,"46":0,"47":0,"48":0,"49":0,"50":0,"51":0,"52":0,"53":0,"54":0,"55":0,"56":0,"57":1},"b":{"1":[0,0]},"f":{"1":0,"2":0},"fnMap":{"1":{"name":"(anonymous_1)","line":69,"loc":{"start":{"line":69,"column":43},"end":{"line":69,"column":72}}},"2":{"name":"(anonymous_2)","line":121,"loc":{"start":{"line":121,"column":24},"end":{"line":121,"column":41}}}},"statementMap":{"1":{"start":{"line":1,"column":0},"end":{"line":5,"column":9}},"2":{"start":{"line":7,"column":0},"end":{"line":20,"column":9}},"3":{"start":{"line":22,"column":0},"end":{"lin
[...]
.com\", Profile: new $news.Types.UserProfile({ FullName: \"Full Name1\", Bio: \"Bio4\", Birthday: new Date(Date.parse(\"1978/04/01\")), Location: new $news.Types.Location({ Zip: 1211, City: 'City4', Address: 'Address9', Country: 'Country4' }) }) });","    var usr5 = new $news.Types.User({ LoginName: \"Usr5\", Email: \"usr5@company.com\", Profile: new $news.Types.UserProfile({ FullName: \"Full Name2\", Bio: \"Bio5\", Birthday: new Date(Date.parse(\"1979/05/01\")), Location: new $news.Types.Location({ Zip: 3451, City: 'City5', Address: 'Address0', Country: 'Country5' }) }) });","    var usr6 = new $news.Types.User({ LoginName: \"StartsWithTest\", Email: \"swt@company.com\", Profile: new $news.Types.UserProfile({ FullName: \"Starts With Test\", Bio: \"Bio6\", Birthday: new Date(Date.parse(\"1980/06/01\")), Location: new $news.Types.Location({ Zip: 8475, City: 'City6', Address: 'Address7', Country: 'Country8' }) }) });","    var cat1 = new $news.Types.Category({ Title: \"Sport\" });","    var cat2 = new $news.Types.Category({ Title: \"World\" });","    var cat3 = new $news.Types.Category({ Title: \"Politics\" });","    var cat4 = new $news.Types.Category({ Title: \"Tech\" });","    var cat5 = new $news.Types.Category({ Title: \"Health\" });","    var tag1 = new $news.Types.Tag({ Title: \"Tag1\" });","    var tag2 = new $news.Types.Tag({ Title: \"Tag2\" });","    var tag3 = new $news.Types.Tag({ Title: \"Tag3\" });","    var tag4 = new $news.Types.Tag({ Title: \"Tag4\" });","    var tag5 = new $news.Types.Tag({ Title: \"Tag5\" });","    context.Tags.add(tag4);","    context.Tags.add(tag5);","","    context.Articles.add(new $news.Types.Article({Title: \"Article1\", Lead: \"Lead1\", Body: \"Body1\", CreateDate: new Date(), Category: cat1, Author: usr1, Reviewer: usr6, Tags: [new $news.Types.TagConnection({ Tag: tag1 }), new $news.Types.TagConnection({ Tag: tag2 })] }));","    context.Articles.add(new $news.Types.Article({Title: \"Article2\", Lead: \"Lead2\", Body: \"Body2\", CreateDate: new Date(), Category: cat1, Author: usr2, Reviewer: usr5, Tags: [new $news.Types.TagConnection({ Tag: tag2 }), new $news.Types.TagConnection({ Tag: tag3 })] }));","    context.Articles.add(new $news.Types.Article({Title: \"Article3\", Lead: \"Lead3\", Body: \"Body3\", CreateDate: new Date(), Category: cat1, Author: usr3, Reviewer: usr4, Tags: [new $news.Types.TagConnection({ Tag: tag3 }), new $news.Types.TagConnection({ Tag: tag1 })] }));","    context.Articles.add(new $news.Types.Article({Title: \"Article4\", Lead: \"Lead4\", Body: \"Body4\", CreateDate: new Date(), Category: cat1, Author: usr4, Reviewer: usr3, Tags: [new $news.Types.TagConnection({ Tag: tag1 }), new $news.Types.TagConnection({ Tag: tag2 })] }));","    context.Articles.add(new $news.Types.Article({Title: \"Article5\", Lead: \"Lead5\", Body: \"Body5\", CreateDate: new Date(), Category: cat1, Author: usr5, Reviewer: usr2, Tags: [new $news.Types.TagConnection({ Tag: tag2 }), new $news.Types.TagConnection({ Tag: tag3 })] }));","","    context.Articles.add(new $news.Types.Article({Title: \"Article21\", Lead: \"Lead21\", Body: \"Body21\", CreateDate: new Date(), Category: cat2, Author: usr1, Reviewer: usr1, Tags: [new $news.Types.TagConnection({ Tag: tag3 }), new $news.Types.TagConnection({ Tag: tag1 })] }));","    context.Articles.add(new $news.Types.Article({Title: \"Article22\", Lead: \"Lead22\", Body: \"Body22\", CreateDate: new Date(), Category: cat2, Author: usr2, Reviewer: usr6, Tags: [new $news.Types.TagConnection({ Tag: tag1 }), new $news.Types.TagConnection({ Tag: tag2 })] }));","    context.Articles.add(new $news.Types.Article({Title: \"Article23\", Lead: \"Lead23\", Body: \"Body23\", CreateDate: new Date(), Category: cat2, Author: usr3, Reviewer: usr5, Tags: [new $news.Types.TagConnection({ Tag: tag2 }), new $news.Types.TagConnection({ Tag: tag3 })] }));","    context.Articles.add(new $news.Types.Article({Title: \"Article24\", Lead: \"Lead24\", Body: \"Body24\", CreateDate: new Date(), Category: cat2, Author: usr4, Reviewer: usr4, Tags: [new $news.Types.TagConnection({ Tag: tag3 }), new $news.Types.TagConnection({ Tag: tag1 })] }));","    context.Articles.add(new $news.Types.Article({Title: \"Article25\", Lead: \"Lead25\", Body: \"Body25\", CreateDate: new Date(), Category: cat2, Author: usr5, Reviewer: usr3, Tags: [new $news.Types.TagConnection({ Tag: tag1 }), new $news.Types.TagConnection({ Tag: tag2 })] }));","","    context.Articles.add(new $news.Types.Article({Title: \"Article31\", Lead: \"Lead31\", Body: \"Body31\", CreateDate: new Date(), Category: cat3, Author: usr1, Reviewer: usr2, Tags: [new $news.Types.TagConnection({ Tag: tag2 }), new $news.Types.TagConnection({ Tag: tag3 })] }));","    context.Articles.add(new $news.Types.Article({Title: \"Article32\", Lead: \"Lead32\", Body: \"Body32\", CreateDate: new Date(), Category: cat3, Author: usr2, Reviewer: usr1, Tags: [new $news.Types.TagConnection({ Tag: tag3 }), new $news.Types.TagConnection({ Tag: tag1 })] }));","    context.Articles.add(new $news.Types.Article({Title: \"Article33\", Lead: \"Lead33\", Body: \"Body33\", CreateDate: new Date(), Category: cat3, Author: usr3, Reviewer: usr6, Tags: [new $news.Types.TagConnection({ Tag: tag1 }), new $news.Types.TagConnection({ Tag: tag2 })] }));","    context.Articles.add(new $news.Types.Article({Title: \"Article34\", Lead: \"Lead34\", Body: \"Body34\", CreateDate: new Date(), Category: cat3, Author: usr4, Reviewer: usr5, Tags: [new $news.Types.TagConnection({ Tag: tag2 }), new $news.Types.TagConnection({ Tag: tag3 })] }));","    context.Articles.add(new $news.Types.Article({Title: \"Article35\", Lead: \"Lead35\", Body: \"Body35\", CreateDate: new Date(), Category: cat3, Author: usr5, Reviewer: usr4, Tags: [new $news.Types.TagConnection({ Tag: tag3 }), new $news.Types.TagConnection({ Tag: tag1 })] }));","","    context.Articles.add(new $news.Types.Article({Title: \"Article41\", Lead: \"Lead41\", Body: \"Body41\", CreateDate: new Date(), Category: cat4, Author: usr1, Reviewer: usr3, Tags: [new $news.Types.TagConnection({ Tag: tag1 }), new $news.Types.TagConnection({ Tag: tag2 })] }));","    context.Articles.add(new $news.Types.Article({Title: \"Article42\", Lead: \"Lead42\", Body: \"Body42\", CreateDate: new Date(), Category: cat4, Author: usr2, Reviewer: usr2, Tags: [new $news.Types.TagConnection({ Tag: tag2 }), new $news.Types.TagConnection({ Tag: tag3 })] }));","    context.Articles.add(new $news.Types.Article({Title: \"Article43\", Lead: \"Lead43\", Body: \"Body43\", CreateDate: new Date(), Category: cat4, Author: usr3, Reviewer: usr1, Tags: [new $news.Types.TagConnection({ Tag: tag3 }), new $news.Types.TagConnection({ Tag: tag1 })] }));","    context.Articles.add(new $news.Types.Article({Title: \"Article44\", Lead: \"Lead44\", Body: \"Body44\", CreateDate: new Date(), Category: cat4, Author: usr4, Reviewer: usr6, Tags: [new $news.Types.TagConnection({ Tag: tag1 }), new $news.Types.TagConnection({ Tag: tag2 })] }));","    context.Articles.add(new $news.Types.Article({Title: \"Article45\", Lead: \"Lead45\", Body: \"Body45\", CreateDate: new Date(), Category: cat4, Author: usr5, Reviewer: usr5, Tags: [new $news.Types.TagConnection({ Tag: tag2 }), new $news.Types.TagConnection({ Tag: tag3 })] }));","","    context.Articles.add(new $news.Types.Article({Title: \"Article51\", Lead: \"Lead51\", Body: \"Body51\", CreateDate: new Date(), Category: cat5, Author: usr1, Reviewer: usr4, Tags: [new $news.Types.TagConnection({ Tag: tag3 }), new $news.Types.TagConnection({ Tag: tag1 })] }));","    context.Articles.add(new $news.Types.Article({Title: \"Article52\", Lead: \"Lead52\", Body: \"Body52\", CreateDate: new Date(), Category: cat5, Author: usr2, Reviewer: usr3, Tags: [new $news.Types.TagConnection({ Tag: tag1 }), new $news.Types.TagConnection({ Tag: tag2 })] }));","    context.Articles.add(new $news.Types.Article({Title: \"Article53\", Lead: \"Lead53\", Body: \"Body53\", CreateDate: new Date(), Category: cat5, Author: usr3, Reviewer: usr2, Tags: [new $news.Types.TagConnection({ Tag: tag2 }), new $news.Types.TagConnection({ Tag: tag3 })] }));","    context.Articles.add(new $news.Types.Article({Title: \"Article54\", Lead: \"Lead54\", Body: \"Body54\", CreateDate: new Date(), Category: cat5, Author: usr4, Reviewer: usr1, Tags: [new $news.Types.TagConnection({ Tag: tag3 }), new $news.Types.TagConnection({ Tag: tag1 })] }));","    context.Articles.add(new $news.Types.Article({Title: \"Article55\", Lead: \"Lead55\", Body: \"Body55\", CreateDate: new Date(), Category: cat5, Author: usr5, Reviewer: usr6, Tags: [new $news.Types.TagConnection({ Tag: tag1 }), new $news.Types.TagConnection({ Tag: tag2 })] }));","","    context.Articles.add(new $news.Types.Article({Title: \"Article65\", Lead: \"Lead65\", Body: \"Body65\", CreateDate: new Date(), Category: cat3, Author: usr6, Reviewer: usr5, Tags: [new $news.Types.TagConnection({ Tag: tag2 }), new $news.Types.TagConnection({ Tag: tag1 })] }));","","    context.saveChanges(function (count) {","        if (callBack) {","            callBack(count);","        }","    });","};","","module.exports = exports = $news.Types.NewsContext;",""],"l":{"1":1,"7":1,"22":1,"28":1,"34":1,"43":1,"53":1,"60":1,"69":1,"70":0,"71":0,"72":0,"73":0,"74":0,"75":0,"76":0,"77":0,"78":0,"79":0,"80":0,"81":0,"82":0,"83":0,"84":0,"85":0,"86":0,"87":0,"89":0,"90":0,"91":0,"92":0,"93":0,"95":0,"96":0,"97":0,"98":0,"99":0,"101":0,"102":0,"103":0,"104":0,"105":0,"107":0,"108":0,"109":0,"110":0,"111":0,"113":0,"114":0,"115":0,"116":0,"117":0,"119":0,"121":0,"122":0,"123":0,"128":1}},"/home/travis/build/npmtest/node-npmtest-odata-server/node_modules/odata-server/northwind.js":{"path":"/home/travis/build/npmtest/node-npmtest-odata-server/node_modules/odata-server/northwind.js","s":{"1":1,"2":1,"3":1,"4":0,"5":0,"6":0,"7":0,"8":0,"9":0,"10":0,"11":0,"12":1},"b":{"1":[0,0],"2":[0,0],"3":[0,0]},"f":{"1":0,"2":0},"fnMap":{"1":{"name":"(anonymous_1)","line":7,"loc":{"start":{"line":7,"column":15},"end":{"line":7,"column":43}}},"2":{"name":"(anonymous_2)","line":12,"loc":{"start":{"line":12,"column":21},"end":{"line":12,"column":65}}}},"statementMap":{"1":{"start":{"line":1,"column":0},"end":{"line":1,"column":24}},"2":{"start":{"line":3,"column":0},"end":{"line":3,"column":48}},"3":{"start":{"line":5,"column":0},"end":{"line":18,"column":41}},"4":{"start":{"line":8,"column":8},"end":{"line":10,"column":26}},"5":{"start":{"line":9,"column":12},"end":{"line":9,"column":39}},"6":{"start":{"line":10,"column":14},"end":{"line":10,"column":26}},"7":{"start":{"line":13,"column":8},"end":{"line":16,"column":41}},"8":{"start":{"line":14,"column":12},"end":{"line":14,"column":31}},"9":{"start":{"line":15,"column":14},"end":{"line":16,"column":41}},"10":{"start":{"line":15,"column":35},"end":{"line":15,"column":54}},"11":{"start":{"line":16,"column":13},"end":{"line":16,"column":41}},"12":{"start":{"line":20,"column":0},"end":{"line":20,"column":88}}},"branchMap":{"1":{"line":8,"type":"if","locations":[{"start":{"line":8,"column":8},"end":{"line":8,"column":8}},{"start":{"line":8,"column":8},"end":{"line":8,"column":8}}]},"2":{"line":13,"type":"if","locations":[{"start":{"line":13,"column":8},"end":{"line":13,"column":8}},{"start":{"line":13,"column":8},"end":{"line":13,"column":8}}]},"3":{"line":15,"type":"if","locations":[{"start":{"line":15,"column":14},"end":{"line":15,"column":14}},{"start":{"line":15,"column":14},"end":{"line":15,"column":14}}]}},"code":["require('odata-server');","","console.log('Starting Northwind OData server.');","","$data.createODataServer({","    type: require('./northwind/context.js'),","    basicAuth: function(username, password){","        if (username == 'admin'){","            return password == 'admin';","        }else return true;","    },","    checkPermission: function(access, user, entitySets, callback){","        if (access & $data.Access.Read){","            callback.success();","        }else if (user == 'admin') callback.success();","        else callback.error('auth fail');","    }","}, '/Northwind.svc', 52999, 'localhost');","","console.log('Northwind OData server listening on http://localhost:52999/Northwind.svc');",""],"l":{"1":1,"3":1,"5":1,"8":0,"9":0,"10":0,"13":0,"14":0,"15":0,"16":0,"20":1}},"/home/travis/build/npmtest/node-npmtest-odata-server/node_modules/odata-server/northwind/context.js":{"path":"/home/travis/build/npmtest/node-npmtest-odata-server/node_modules/odata-server/northwind/context.js","s":{"1":1,"2":1,"3":1,"4":1,"5":1,"6":1,"7":1,"8":1,"9":1,"10":1},"b":{},"f":{},"fnMap":{},"statementMap":{"1":{"start":{"line":1,"column":0},"end":{"line":7,"column":3}},"2":{"start":{"line":9,"column":0},"end":{"line":22,"column":3}},"3":{"start":{"line":24,"column":0},"end":{"line":42,"column":3}},"4":{"start":{"line":44,"column":0},"end":{"line":52,"column":3}},"5":{"start":{"line":54,"column":0},"end":{"line":70,"column":3}},"6":{"start":{"line":72,"column":0},"end":{"line":85,"column":3}},"7":{"start":{"line":87,"column":0},"end":{"line":91,"column":3}},"8":{"start":{"line":93,"column":0},"end":{"line":106,"column":3}},"9":{"start":{"line":108,"column":0},"end":{"line":117,"column":3}},"10":{"start":{"line":119,"column":0},"end":{"line":119,"column":42}}},"branchMap":{},"code":["$data.Entity.extend('NorthwindModel.Category', {","    CategoryID: { key: true, type: 'id', nullable: false, computed: true },","    CategoryName: { type: 'string', nullable: false, required: true, maxLength: 15 },","    Description: { type: 'string', maxLength: Number.POSITIVE_INFINITY },","    Picture: { type: 'blob', maxLength: Number.POSITIVE_INFINITY },","    Products: { type: 'Array', elementType: 'NorthwindModel.Product', inverseProperty: 'Category' }","});","","$data.Entity.extend('NorthwindModel.Customer', {","    CustomerID: { key: true, type: 'string', nullable: false, required: true, maxLength: 5 },","    CompanyName: { type: 'string', nullable: false, required: true, maxLength: 40 },","    ContactName: { type: 'string', maxLength: 30 },","    ContactTitle: { type: 'string', maxLength: 30 },","    Address: { type: 'string', maxLength: 60 },","    City: { type: 'string', maxLength: 15 },","    Region: { type: 'string', maxLength: 15 },","    PostalCode: { type: 'string', maxLength: 10 },","    Country: { type: 'string', maxLength: 15 },","    Phone: { type: 'string', maxLength: 24 },","    Fax: { type: 'string', maxLength: 24 },","    Orders: { type: 'Array', elementType: 'NorthwindModel.Order', inverseProperty: 'Customer' }","});","","$data.Entity.extend('NorthwindModel.Employee', {","    EmployeeID: { key: true, type: 'id', nullable: false, computed: true },","    LastName: { type: 'string', nullable: false, required: true, maxLength: 20 },","    FirstName: { type: 'string', nullable: false, required: true, maxLength: 10 },","    Title: { type: 'string', maxLength: 30 },","    BirthDate: { type: 'datetime' },","    HireDate: { type: 'datetime' },","    Address: { type: 'string', maxLength: 60 },","    City: { type: 'string', maxLength: 15 },","    Region: { type: 'string', maxLength: 15 },","    PostalCode: { type: 'string', maxLength: 10 },","    Country: { type: 'string', maxLength: 15 },","    HomePhone: { type: 'string', maxLength: 24 },","    Extension: { type: 'string', maxLength: 4 },","    Photo: { type: 'blob', maxLength: Number.POSITIVE_INFINITY },","    Notes: { type: 'string', maxLength: Number.POSITIVE_INFINITY },","    ReportsTo: { type: 'int' },","    Orders: { type: 'Array', elementType: 'NorthwindModel.Order', inverseProperty: 'Employee' }","});","","$data.Entity.extend('NorthwindModel.Order_Detail', {","    OrderID: { key: true, type: 'id', nullable: false, required: true },","    ProductID: { key: true, type: 'id', nullable: false, required: true },","    UnitPrice: { type: 'decimal', nullable: false, required: true },","    Quantity: { type: 'int', nullable: false, required: true },","    Discount: { type: 'number', nullable: false, required: true },","    Product: { type: 'NorthwindModel.Product', required: true, inverseProperty: 'Order_Details' },","    Order: { type: 'NorthwindModel.Order', required: true, inverseProperty: 'Order_Details' }","});","","$data.Entity.extend('NorthwindModel.Order', {","    OrderID: { key: true, type: 'id', nullable: false, required: true },","    ShipName: { type: 'string', maxLength: 40 },","    ShipAddress: { type: 'string', maxLength: 60 },","    ShipCity: { type: 'string', maxLength: 15 },","    ShipRegion: { type: 'string', maxLength: 15 },","    ShipPostalCode: { type: 'string', maxLength: 10 },","    ShipCountry: { type: 'string', maxLength: 15 },","    OrderDate: { type: 'datetime' },","    RequiredDate: { type: 'datetime' },","    ShippedDate: { type: 'datetime' },","    Freight: { type: 'decimal' },","    Customer: { type: 'NorthwindModel.Customer', required: true, inverseProperty: 'Orders' },","    Employee: { type: 'NorthwindModel.Employee', inverseProperty: 'Orders' },","    Order_Details: { type: 'Array', elementType: 'NorthwindModel.Order_Detail', inverseProperty: 'Order' },","    Shipper: { type: 'NorthwindModel.Shipper', inverseProperty: 'Orders' }","});","","$data.Entity.extend('NorthwindModel.Product', {","    ProductID: { key: true, type: 'id', nullable: false, computed: true },","    ProductName: { type: 'string', nullable: false, required: true, maxLength: 40 },","    EnglishName: { type: 'string', maxLength: 40 },","    QuantityPerUnit: { type: 'string', maxLength: 20 },","    UnitPrice: { type: 'decimal' },","    UnitsInStock: { type: 'int' },","    UnitsOnOrder: { type: 'int' },","    ReorderLevel: { type: 'int' },","    Discontinued: { type: 'bool', nullable: false, required: true },","    Category: { type: 'NorthwindModel.Category', inverseProperty: 'Products' },","    Order_Details: { type: 'Array', elementType: 'NorthwindModel.Order_Detail', inverseProperty: 'Product' },","    Supplier: { type: 'NorthwindModel.Supplier', inverseProperty: 'Products' }","});","","$data.Entity.extend('NorthwindModel.Shipper', {","    ShipperID: { key: true, type: 'id', nullable: false, computed: true },","    CompanyName: { type: 'string', nullable: false, required: true, maxLength: 40 },","    Orders: { type: 'Array', elementType: 'NorthwindModel.Order', inverseProperty: 'Shipper' }","});","","$data.Entity.extend('NorthwindModel.Supplier', {","    SupplierID: { key: true, type: 'id', nullable: false, computed: true },","    CompanyName: { type: 'string', nullable: false, required: true, maxLength: 40 },","    ContactName: { type: 'string', maxLength: 30 },","    ContactTitle: { type: 'string', maxLength: 30 },","    Address: { type: 'string', maxLength: 60 },","    City: { type: 'string', maxLength: 15 },","    Region: { type: 'string', maxLength: 15 },","    PostalCode: { type: 'string', maxLength: 10 },","    Country: { type: 'string', maxLength: 15 },","    Phone: { type: 'string', maxLength: 24 },","    Fax: { type: 'string', maxLength: 24 },","    Products: { type: 'Array', elementType: 'NorthwindModel.Product', inverseProperty: 'Supplier' }","});","","$data.EntityContext.extend('NorthwindModel', {","    Categories: { type: $data.EntitySet, elementType: NorthwindModel.Category },","    Customers: { type: $data.EntitySet, elementType: NorthwindModel.Customer },","    Employees: { type: $data.EntitySet, elementType: NorthwindModel.Employee },","    Order_Details: { type: $data.EntitySet, elementType: NorthwindModel.Order_Detail },","    Orders: { type: $data.EntitySet, elementType: NorthwindModel.Order },","    Products: { type: $data.EntitySet, elementType: NorthwindModel.Product },","    Shippers: { type: $data.EntitySet, elementType: NorthwindModel.Shipper },","    Suppliers: { type: $data.EntitySet, elementType: NorthwindModel.Supplier }","});","","module.exports = exports = NorthwindModel;",""],"l":{"1":1,"9":1,"24":1,"44":1,"54":1,"72":1,"87":1,"93":1,"108":1,"119":1}}}